This file contains any messages produced by compilers while
running configure, to aid debugging if configure makes a mistake.

It was created by fwknop configure 2.0.4, which was
generated by GNU Autoconf 2.69.  Invocation command line was

  $ ./configure 

## --------- ##
## Platform. ##
## --------- ##

hostname = Damiens-MacBook-Pro.local
uname -m = x86_64
uname -r = 12.2.1
uname -s = Darwin
uname -v = Darwin Kernel Version 12.2.1: Thu Oct 18 16:32:48 PDT 2012; root:xnu-2050.20.9~2/RELEASE_X86_64

/usr/bin/uname -p = i386
/bin/uname -X     = unknown

/bin/arch              = unknown
/usr/bin/arch -k       = unknown
/usr/convex/getsysinfo = unknown
/usr/bin/hostinfo      = Mach kernel version:
	 Darwin Kernel Version 12.2.1: Thu Oct 18 16:32:48 PDT 2012; root:xnu-2050.20.9~2/RELEASE_X86_64
Kernel configured for up to 8 processors.
4 processors are physically available.
8 processors are logically available.
Processor type: i486 (Intel 80486)
Processors active: 0 1 2 3 4 5 6 7
Primary memory available: 16.00 gigabytes
Default processor set: 157 tasks, 706 threads, 8 processors
Load average: 1.30, Mach factor: 6.68
/bin/machine           = unknown
/usr/bin/oslevel       = unknown
/bin/universe          = unknown

PATH: /Users/dstuart/.rvm/gems/ruby-1.9.3-p286/bin
PATH: /Users/dstuart/.rvm/gems/ruby-1.9.3-p286@global/bin
PATH: /Users/dstuart/.rvm/rubies/ruby-1.9.3-p286/bin
PATH: /Users/dstuart/.rvm/bin
PATH: /Users/dstuart/bin
PATH: /opt/local/bin
PATH: /opt/local/sbin
PATH: /usr/bin
PATH: /bin
PATH: /usr/sbin
PATH: /sbin
PATH: /usr/local/bin
PATH: /opt/X11/bin
PATH: /Users/dstuart/.rvm/bin


## ----------- ##
## Core tests. ##
## ----------- ##

configure:2679: checking build system type
configure:2693: result: x86_64-apple-darwin12.2.1
configure:2713: checking host system type
configure:2726: result: x86_64-apple-darwin12.2.1
configure:2746: checking target system type
configure:2759: result: x86_64-apple-darwin12.2.1
configure:2802: checking for a BSD-compatible install
configure:2870: result: /opt/local/bin/ginstall -c
configure:2881: checking whether build environment is sane
configure:2936: result: yes
configure:3087: checking for a thread-safe mkdir -p
configure:3126: result: /opt/local/bin/gmkdir -p
configure:3133: checking for gawk
configure:3149: found /opt/local/bin/gawk
configure:3160: result: gawk
configure:3171: checking whether make sets $(MAKE)
configure:3193: result: yes
configure:3274: checking how to create a ustar tar archive
configure:3287: tar --version
bsdtar 2.8.3 - libarchive 2.8.3
configure:3290: $? = 0
configure:3330: tardir=conftest.dir && eval tar --format=ustar -chf - "$tardir" >conftest.tar
configure:3333: $? = 0
configure:3337: tar -xf - <conftest.tar
configure:3340: $? = 0
configure:3353: result: gnutar
configure:3383: checking for style of include used by make
configure:3411: result: GNU
configure:3482: checking for gcc
configure:3498: found /usr/bin/gcc
configure:3509: result: gcc
configure:3738: checking for C compiler version
configure:3747: gcc --version >&5
i686-apple-darwin11-llvm-gcc-4.2 (GCC) 4.2.1 (Based on Apple Inc. build 5658) (LLVM build 2336.11.00)
Copyright (C) 2007 Free Software Foundation, Inc.
This is free software; see the source for copying conditions.  There is NO
warranty; not even for MERCHANTABILITY or FITNESS FOR A PARTICULAR PURPOSE.

configure:3758: $? = 0
configure:3747: gcc -v >&5
Using built-in specs.
Target: i686-apple-darwin11
Configured with: /private/var/tmp/llvmgcc42/llvmgcc42-2336.11~28/src/configure --disable-checking --enable-werror --prefix=/Applications/Xcode.app/Contents/Developer/usr/llvm-gcc-4.2 --mandir=/share/man --enable-languages=c,objc,c++,obj-c++ --program-prefix=llvm- --program-transform-name=/^[cg][^.-]*$/s/$/-4.2/ --with-slibdir=/usr/lib --build=i686-apple-darwin11 --enable-llvm=/private/var/tmp/llvmgcc42/llvmgcc42-2336.11~28/dst-llvmCore/Developer/usr/local --program-prefix=i686-apple-darwin11- --host=x86_64-apple-darwin11 --target=i686-apple-darwin11 --with-gxx-include-dir=/usr/include/c++/4.2.1
Thread model: posix
gcc version 4.2.1 (Based on Apple Inc. build 5658) (LLVM build 2336.11.00)
configure:3758: $? = 0
configure:3747: gcc -V >&5
llvm-gcc-4.2: argument to `-V' is missing
configure:3758: $? = 1
configure:3747: gcc -qversion >&5
i686-apple-darwin11-llvm-gcc-4.2: no input files
configure:3758: $? = 1
configure:3778: checking whether the C compiler works
configure:3800: gcc    conftest.c  >&5
configure:3804: $? = 0
configure:3852: result: yes
configure:3855: checking for C compiler default output file name
configure:3857: result: a.out
configure:3863: checking for suffix of executables
configure:3870: gcc -o conftest    conftest.c  >&5
configure:3874: $? = 0
configure:3896: result: 
configure:3918: checking whether we are cross compiling
configure:3926: gcc -o conftest    conftest.c  >&5
configure:3930: $? = 0
configure:3937: ./conftest
configure:3941: $? = 0
configure:3956: result: no
configure:3961: checking for suffix of object files
configure:3983: gcc -c   conftest.c >&5
configure:3987: $? = 0
configure:4008: result: o
configure:4012: checking whether we are using the GNU C compiler
configure:4031: gcc -c   conftest.c >&5
configure:4031: $? = 0
configure:4040: result: yes
configure:4049: checking whether gcc accepts -g
configure:4069: gcc -c -g  conftest.c >&5
configure:4069: $? = 0
configure:4110: result: yes
configure:4127: checking for gcc option to accept ISO C89
configure:4190: gcc  -c -g -O2  conftest.c >&5
configure:4190: $? = 0
configure:4203: result: none needed
configure:4225: checking dependency style of gcc
configure:4336: result: gcc3
configure:4357: checking how to run the C preprocessor
configure:4388: gcc -E  conftest.c
configure:4388: $? = 0
configure:4402: gcc -E  conftest.c
conftest.c:11:28: error: ac_nonexistent.h: No such file or directory
configure:4402: $? = 1
configure: failed program was:
| /* confdefs.h */
| #define PACKAGE_NAME "fwknop"
| #define PACKAGE_TARNAME "fwknop"
| #define PACKAGE_VERSION "2.0.4"
| #define PACKAGE_STRING "fwknop 2.0.4"
| #define PACKAGE_BUGREPORT "dstuart@dstuart.org"
| #define PACKAGE_URL ""
| #define PACKAGE "fwknop"
| #define VERSION "2.0.4"
| /* end confdefs.h.  */
| #include <ac_nonexistent.h>
configure:4427: result: gcc -E
configure:4447: gcc -E  conftest.c
configure:4447: $? = 0
configure:4461: gcc -E  conftest.c
conftest.c:11:28: error: ac_nonexistent.h: No such file or directory
configure:4461: $? = 1
configure: failed program was:
| /* confdefs.h */
| #define PACKAGE_NAME "fwknop"
| #define PACKAGE_TARNAME "fwknop"
| #define PACKAGE_VERSION "2.0.4"
| #define PACKAGE_STRING "fwknop 2.0.4"
| #define PACKAGE_BUGREPORT "dstuart@dstuart.org"
| #define PACKAGE_URL ""
| #define PACKAGE "fwknop"
| #define VERSION "2.0.4"
| /* end confdefs.h.  */
| #include <ac_nonexistent.h>
configure:4490: checking for grep that handles long lines and -e
configure:4548: result: /usr/bin/grep
configure:4553: checking for egrep
configure:4615: result: /usr/bin/grep -E
configure:4620: checking for ANSI C header files
configure:4640: gcc -c -g -O2  conftest.c >&5
configure:4640: $? = 0
configure:4713: gcc -o conftest -g -O2   conftest.c  >&5
configure:4713: $? = 0
configure:4713: ./conftest
configure:4713: $? = 0
configure:4724: result: yes
configure:4737: checking for sys/types.h
configure:4737: gcc -c -g -O2  conftest.c >&5
configure:4737: $? = 0
configure:4737: result: yes
configure:4737: checking for sys/stat.h
configure:4737: gcc -c -g -O2  conftest.c >&5
configure:4737: $? = 0
configure:4737: result: yes
configure:4737: checking for stdlib.h
configure:4737: gcc -c -g -O2  conftest.c >&5
configure:4737: $? = 0
configure:4737: result: yes
configure:4737: checking for string.h
configure:4737: gcc -c -g -O2  conftest.c >&5
configure:4737: $? = 0
configure:4737: result: yes
configure:4737: checking for memory.h
configure:4737: gcc -c -g -O2  conftest.c >&5
configure:4737: $? = 0
configure:4737: result: yes
configure:4737: checking for strings.h
configure:4737: gcc -c -g -O2  conftest.c >&5
configure:4737: $? = 0
configure:4737: result: yes
configure:4737: checking for inttypes.h
configure:4737: gcc -c -g -O2  conftest.c >&5
configure:4737: $? = 0
configure:4737: result: yes
configure:4737: checking for stdint.h
configure:4737: gcc -c -g -O2  conftest.c >&5
configure:4737: $? = 0
configure:4737: result: yes
configure:4737: checking for unistd.h
configure:4737: gcc -c -g -O2  conftest.c >&5
configure:4737: $? = 0
configure:4737: result: yes
configure:4750: checking minix/config.h usability
configure:4750: gcc -c -g -O2  conftest.c >&5
conftest.c:54:26: error: minix/config.h: No such file or directory
configure:4750: $? = 1
configure: failed program was:
| /* confdefs.h */
| #define PACKAGE_NAME "fwknop"
| #define PACKAGE_TARNAME "fwknop"
| #define PACKAGE_VERSION "2.0.4"
| #define PACKAGE_STRING "fwknop 2.0.4"
| #define PACKAGE_BUGREPORT "dstuart@dstuart.org"
| #define PACKAGE_URL ""
| #define PACKAGE "fwknop"
| #define VERSION "2.0.4"
| #define STDC_HEADERS 1
| #define HAVE_SYS_TYPES_H 1
| #define HAVE_SYS_STAT_H 1
| #define HAVE_STDLIB_H 1
| #define HAVE_STRING_H 1
| #define HAVE_MEMORY_H 1
| #define HAVE_STRINGS_H 1
| #define HAVE_INTTYPES_H 1
| #define HAVE_STDINT_H 1
| #define HAVE_UNISTD_H 1
| /* end confdefs.h.  */
| #include <stdio.h>
| #ifdef HAVE_SYS_TYPES_H
| # include <sys/types.h>
| #endif
| #ifdef HAVE_SYS_STAT_H
| # include <sys/stat.h>
| #endif
| #ifdef STDC_HEADERS
| # include <stdlib.h>
| # include <stddef.h>
| #else
| # ifdef HAVE_STDLIB_H
| #  include <stdlib.h>
| # endif
| #endif
| #ifdef HAVE_STRING_H
| # if !defined STDC_HEADERS && defined HAVE_MEMORY_H
| #  include <memory.h>
| # endif
| # include <string.h>
| #endif
| #ifdef HAVE_STRINGS_H
| # include <strings.h>
| #endif
| #ifdef HAVE_INTTYPES_H
| # include <inttypes.h>
| #endif
| #ifdef HAVE_STDINT_H
| # include <stdint.h>
| #endif
| #ifdef HAVE_UNISTD_H
| # include <unistd.h>
| #endif
| #include <minix/config.h>
configure:4750: result: no
configure:4750: checking minix/config.h presence
configure:4750: gcc -E  conftest.c
conftest.c:21:26: error: minix/config.h: No such file or directory
configure:4750: $? = 1
configure: failed program was:
| /* confdefs.h */
| #define PACKAGE_NAME "fwknop"
| #define PACKAGE_TARNAME "fwknop"
| #define PACKAGE_VERSION "2.0.4"
| #define PACKAGE_STRING "fwknop 2.0.4"
| #define PACKAGE_BUGREPORT "dstuart@dstuart.org"
| #define PACKAGE_URL ""
| #define PACKAGE "fwknop"
| #define VERSION "2.0.4"
| #define STDC_HEADERS 1
| #define HAVE_SYS_TYPES_H 1
| #define HAVE_SYS_STAT_H 1
| #define HAVE_STDLIB_H 1
| #define HAVE_STRING_H 1
| #define HAVE_MEMORY_H 1
| #define HAVE_STRINGS_H 1
| #define HAVE_INTTYPES_H 1
| #define HAVE_STDINT_H 1
| #define HAVE_UNISTD_H 1
| /* end confdefs.h.  */
| #include <minix/config.h>
configure:4750: result: no
configure:4750: checking for minix/config.h
configure:4750: result: no
configure:4771: checking whether it is safe to define __EXTENSIONS__
configure:4789: gcc -c -g -O2  conftest.c >&5
configure:4789: $? = 0
configure:4796: result: yes
configure:4860: checking for gcc
configure:4887: result: gcc
configure:5116: checking for C compiler version
configure:5125: gcc --version >&5
i686-apple-darwin11-llvm-gcc-4.2 (GCC) 4.2.1 (Based on Apple Inc. build 5658) (LLVM build 2336.11.00)
Copyright (C) 2007 Free Software Foundation, Inc.
This is free software; see the source for copying conditions.  There is NO
warranty; not even for MERCHANTABILITY or FITNESS FOR A PARTICULAR PURPOSE.

configure:5136: $? = 0
configure:5125: gcc -v >&5
Using built-in specs.
Target: i686-apple-darwin11
Configured with: /private/var/tmp/llvmgcc42/llvmgcc42-2336.11~28/src/configure --disable-checking --enable-werror --prefix=/Applications/Xcode.app/Contents/Developer/usr/llvm-gcc-4.2 --mandir=/share/man --enable-languages=c,objc,c++,obj-c++ --program-prefix=llvm- --program-transform-name=/^[cg][^.-]*$/s/$/-4.2/ --with-slibdir=/usr/lib --build=i686-apple-darwin11 --enable-llvm=/private/var/tmp/llvmgcc42/llvmgcc42-2336.11~28/dst-llvmCore/Developer/usr/local --program-prefix=i686-apple-darwin11- --host=x86_64-apple-darwin11 --target=i686-apple-darwin11 --with-gxx-include-dir=/usr/include/c++/4.2.1
Thread model: posix
gcc version 4.2.1 (Based on Apple Inc. build 5658) (LLVM build 2336.11.00)
configure:5136: $? = 0
configure:5125: gcc -V >&5
llvm-gcc-4.2: argument to `-V' is missing
configure:5136: $? = 1
configure:5125: gcc -qversion >&5
i686-apple-darwin11-llvm-gcc-4.2: no input files
configure:5136: $? = 1
configure:5140: checking whether we are using the GNU C compiler
configure:5168: result: yes
configure:5177: checking whether gcc accepts -g
configure:5238: result: yes
configure:5255: checking for gcc option to accept ISO C89
configure:5331: result: none needed
configure:5353: checking dependency style of gcc
configure:5464: result: gcc3
configure:5480: checking whether gcc and cc understand -c and -o together
configure:5511: gcc -c conftest.c -o conftest2.o >&5
configure:5515: $? = 0
configure:5521: gcc -c conftest.c -o conftest2.o >&5
configure:5525: $? = 0
configure:5536: cc -c conftest.c >&5
configure:5540: $? = 0
configure:5548: cc -c conftest.c -o conftest2.o >&5
configure:5552: $? = 0
configure:5558: cc -c conftest.c -o conftest2.o >&5
configure:5562: $? = 0
configure:5580: result: yes
configure:5610: checking how to run the C preprocessor
configure:5680: result: gcc -E
configure:5700: gcc -E  conftest.c
configure:5700: $? = 0
configure:5714: gcc -E  conftest.c
conftest.c:26:28: error: ac_nonexistent.h: No such file or directory
configure:5714: $? = 1
configure: failed program was:
| /* confdefs.h */
| #define PACKAGE_NAME "fwknop"
| #define PACKAGE_TARNAME "fwknop"
| #define PACKAGE_VERSION "2.0.4"
| #define PACKAGE_STRING "fwknop 2.0.4"
| #define PACKAGE_BUGREPORT "dstuart@dstuart.org"
| #define PACKAGE_URL ""
| #define PACKAGE "fwknop"
| #define VERSION "2.0.4"
| #define STDC_HEADERS 1
| #define HAVE_SYS_TYPES_H 1
| #define HAVE_SYS_STAT_H 1
| #define HAVE_STDLIB_H 1
| #define HAVE_STRING_H 1
| #define HAVE_MEMORY_H 1
| #define HAVE_STRINGS_H 1
| #define HAVE_INTTYPES_H 1
| #define HAVE_STDINT_H 1
| #define HAVE_UNISTD_H 1
| #define __EXTENSIONS__ 1
| #define _ALL_SOURCE 1
| #define _GNU_SOURCE 1
| #define _POSIX_PTHREAD_SEMANTICS 1
| #define _TANDEM_SOURCE 1
| /* end confdefs.h.  */
| #include <ac_nonexistent.h>
configure:5746: checking for gawk
configure:5773: result: gawk
configure:5784: checking for a sed that does not truncate output
configure:5848: result: /opt/local/bin/gsed
configure:5853: checking for grep that handles long lines and -e
configure:5911: result: /usr/bin/grep
configure:5917: checking whether ln -s works
configure:5921: result: yes
configure:5928: checking whether make sets $(MAKE)
configure:5950: result: yes
configure:6005: checking how to print strings
configure:6032: result: printf
configure:6053: checking for a sed that does not truncate output
configure:6117: result: /opt/local/bin/gsed
configure:6135: checking for fgrep
configure:6197: result: /usr/bin/grep -F
configure:6232: checking for ld used by gcc
configure:6299: result: /usr/llvm-gcc-4.2/libexec/gcc/i686-apple-darwin11/4.2.1/ld
configure:6306: checking if the linker (/usr/llvm-gcc-4.2/libexec/gcc/i686-apple-darwin11/4.2.1/ld) is GNU ld
configure:6321: result: no
configure:6333: checking for BSD- or MS-compatible name lister (nm)
configure:6382: result: /usr/bin/nm
configure:6512: checking the name lister (/usr/bin/nm) interface
configure:6519: gcc -c -g -O2  conftest.c >&5
configure:6522: /usr/bin/nm "conftest.o"
configure:6525: output
0000000000000198 S _some_variable
configure:6532: result: BSD nm
configure:6536: checking the maximum length of command line arguments
configure:6666: result: 196608
configure:6683: checking whether the shell understands some XSI constructs
configure:6693: result: yes
configure:6697: checking whether the shell understands "+="
configure:6703: result: yes
configure:6738: checking how to convert x86_64-apple-darwin12.2.1 file names to x86_64-apple-darwin12.2.1 format
configure:6778: result: func_convert_file_noop
configure:6785: checking how to convert x86_64-apple-darwin12.2.1 file names to toolchain format
configure:6805: result: func_convert_file_noop
configure:6812: checking for /usr/llvm-gcc-4.2/libexec/gcc/i686-apple-darwin11/4.2.1/ld option to reload object files
configure:6819: result: -r
configure:6893: checking for objdump
configure:6923: result: no
configure:6952: checking how to recognize dependent libraries
configure:7154: result: pass_all
configure:7239: checking for dlltool
configure:7269: result: no
configure:7299: checking how to associate runtime and link libraries
configure:7326: result: printf %s\n
configure:7386: checking for ar
configure:7402: found /usr/bin/ar
configure:7413: result: ar
configure:7450: checking for archiver @FILE support
configure:7467: gcc -c -g -O2  conftest.c >&5
configure:7467: $? = 0
configure:7470: ar cru libconftest.a @conftest.lst >&5
ar: @conftest.lst: No such file or directory
configure:7473: $? = 1
configure:7493: result: no
configure:7551: checking for strip
configure:7567: found /usr/bin/strip
configure:7578: result: strip
configure:7650: checking for ranlib
configure:7666: found /usr/bin/ranlib
configure:7677: result: ranlib
configure:7779: checking command to parse /usr/bin/nm output from gcc object
configure:7899: gcc -c -g -O2  conftest.c >&5
configure:7902: $? = 0
configure:7906: /usr/bin/nm conftest.o \| sed -n -e 's/^.*[ ]\([BCDEGRST][BCDEGRST]*\)[ ][ ]*\([_A-Za-z][_A-Za-z0-9]*\)$/\1 \2 \2/p' | sed '/ __gnu_lto/d' \> conftest.nm
configure:7909: $? = 0
cannot find nm_test_var in conftest.nm
configure:7899: gcc -c -g -O2  conftest.c >&5
configure:7902: $? = 0
configure:7906: /usr/bin/nm conftest.o \| sed -n -e 's/^.*[ ]\([BCDEGRST][BCDEGRST]*\)[ ][ ]*_\([_A-Za-z][_A-Za-z0-9]*\)$/\1 _\2 \2/p' | sed '/ __gnu_lto/d' \> conftest.nm
configure:7909: $? = 0
configure:7975: gcc -o conftest -g -O2   conftest.c conftstm.o >&5
configure:7978: $? = 0
configure:8016: result: ok
configure:8053: checking for sysroot
configure:8083: result: no
configure:8339: checking for mt
configure:8369: result: no
configure:8389: checking if : is a manifest tool
configure:8395: : '-?'
configure:8403: result: no
configure:8459: checking for dsymutil
configure:8475: found /usr/bin/dsymutil
configure:8486: result: dsymutil
configure:8551: checking for nmedit
configure:8567: found /usr/bin/nmedit
configure:8578: result: nmedit
configure:8643: checking for lipo
configure:8659: found /usr/bin/lipo
configure:8670: result: lipo
configure:8735: checking for otool
configure:8751: found /usr/bin/otool
configure:8762: result: otool
configure:8827: checking for otool64
configure:8857: result: no
configure:8902: checking for -single_module linker flag
gcc -g -O2  -o libconftest.dylib -dynamiclib -Wl,-single_module conftest.c
configure:8935: result: yes
configure:8938: checking for -exported_symbols_list linker flag
configure:8958: gcc -o conftest -g -O2   -Wl,-exported_symbols_list,conftest.sym conftest.c  >&5
configure:8958: $? = 0
configure:8968: result: yes
configure:8971: checking for -force_load linker flag
gcc -g -O2 -c -o conftest.o conftest.c
ar cru libconftest.a conftest.o
ranlib libconftest.a
gcc -g -O2  -o conftest conftest.c -Wl,-force_load,./libconftest.a
configure:9003: result: yes
configure:9042: checking for dlfcn.h
configure:9042: gcc -c -g -O2  conftest.c >&5
configure:9042: $? = 0
configure:9042: result: yes
configure:9248: checking for objdir
configure:9263: result: .libs
configure:9534: checking if gcc supports -fno-rtti -fno-exceptions
configure:9552: gcc -c -g -O2  -fno-rtti -fno-exceptions conftest.c >&5
cc1: warning: command line option "-fno-rtti" is valid for C++/ObjC++ but not for C
configure:9556: $? = 0
configure:9569: result: no
configure:9896: checking for gcc option to produce PIC
configure:9903: result: -fno-common -DPIC
configure:9911: checking if gcc PIC flag -fno-common -DPIC works
configure:9929: gcc -c -g -O2  -fno-common -DPIC -DPIC conftest.c >&5
configure:9933: $? = 0
configure:9946: result: yes
configure:9975: checking if gcc static flag -static works
configure:10003: result: no
configure:10018: checking if gcc supports -c -o file.o
configure:10039: gcc -c -g -O2  -o out/conftest2.o conftest.c >&5
configure:10043: $? = 0
configure:10065: result: yes
configure:10073: checking if gcc supports -c -o file.o
configure:10120: result: yes
configure:10153: checking whether the gcc linker (/usr/llvm-gcc-4.2/libexec/gcc/i686-apple-darwin11/4.2.1/ld) supports shared libraries
configure:11306: result: yes
configure:11546: checking dynamic linker characteristics
configure:12279: result: darwin12.2.1 dyld
configure:12386: checking how to hardcode library paths into programs
configure:12411: result: immediate
configure:12951: checking whether stripping libraries is possible
configure:12965: result: yes
configure:12991: checking if libtool supports shared libraries
configure:12993: result: yes
configure:12996: checking whether to build shared libraries
configure:13017: result: yes
configure:13020: checking whether to build static libraries
configure:13024: result: yes
configure:13075: checking if gcc supports -Wall -Wformat -Wformat-security
configure:13084: gcc -o conftest -g -O2 -Wall -Wformat -Wformat-security -Werror   -Wall -Wformat -Wformat-security -Werror conftest.c  >&5
configure:13084: $? = 0
configure:13099: gcc -o conftest -g -O2 -Wall -Wformat -Wformat-security   -Wall -Wformat -Wformat-security conftest.c  >&5
configure:13099: $? = 0
configure:13099: ./conftest
configure:13099: $? = 0
configure:13100: result: yes
configure:13138: checking if gcc supports -fstack-protector-all -fstack-protector
configure:13147: gcc -o conftest -g -O2 -Wall -Wformat -Wformat-security -fstack-protector-all -fstack-protector -Werror   -Wall -Wformat -Wformat-security -fstack-protector-all -fstack-protector -Werror conftest.c  >&5
configure:13147: $? = 0
configure:13162: gcc -o conftest -g -O2 -Wall -Wformat -Wformat-security -fstack-protector-all -fstack-protector   -Wall -Wformat -Wformat-security -fstack-protector-all -fstack-protector conftest.c  >&5
configure:13162: $? = 0
configure:13162: ./conftest
configure:13162: $? = 0
configure:13163: result: yes
configure:13200: checking if gcc supports -fPIE
configure:13209: gcc -o conftest -g -O2 -Wall -Wformat -Wformat-security -fstack-protector-all -fstack-protector -fPIE -Werror   -Wall -Wformat -Wformat-security -fstack-protector-all -fstack-protector -fPIE -Werror conftest.c  >&5
configure:13209: $? = 0
configure:13224: gcc -o conftest -g -O2 -Wall -Wformat -Wformat-security -fstack-protector-all -fstack-protector -fPIE   -Wall -Wformat -Wformat-security -fstack-protector-all -fstack-protector -fPIE conftest.c  >&5
configure:13224: $? = 0
configure:13224: ./conftest
configure:13224: $? = 0
configure:13225: result: yes
configure:13250: checking if gcc supports -pie
configure:13259: gcc -o conftest -g -O2 -Wall -Wformat -Wformat-security -fstack-protector-all -fstack-protector -fPIE   -Wall -Wformat -Wformat-security -fstack-protector-all -fstack-protector -fPIE -pie -Werror conftest.c  >&5
configure:13259: $? = 0
configure:13273: gcc -o conftest -g -O2 -Wall -Wformat -Wformat-security -fstack-protector-all -fstack-protector -fPIE   -Wall -Wformat -Wformat-security -fstack-protector-all -fstack-protector -fPIE -pie conftest.c  >&5
configure:13273: $? = 0
configure:13273: ./conftest
configure:13273: $? = 0
configure:13274: result: yes
configure:13309: checking if gcc supports -D_FORTIFY_SOURCE=2
configure:13318: gcc -o conftest -g -O2 -Wall -Wformat -Wformat-security -fstack-protector-all -fstack-protector -fPIE -D_FORTIFY_SOURCE=2 -Werror   -Wall -Wformat -Wformat-security -fstack-protector-all -fstack-protector -fPIE -pie -D_FORTIFY_SOURCE=2 -Werror conftest.c  >&5
configure:13318: $? = 0
configure:13333: gcc -o conftest -g -O2 -Wall -Wformat -Wformat-security -fstack-protector-all -fstack-protector -fPIE -D_FORTIFY_SOURCE=2   -Wall -Wformat -Wformat-security -fstack-protector-all -fstack-protector -fPIE -pie -D_FORTIFY_SOURCE=2 conftest.c  >&5
configure:13333: $? = 0
configure:13333: ./conftest
configure:13333: $? = 0
configure:13334: result: yes
configure:13369: checking if gcc supports -Wl,-z,relro
configure:13378: gcc -o conftest -g -O2 -Wall -Wformat -Wformat-security -fstack-protector-all -fstack-protector -fPIE -D_FORTIFY_SOURCE=2   -Wall -Wformat -Wformat-security -fstack-protector-all -fstack-protector -fPIE -pie -D_FORTIFY_SOURCE=2 -Wl,-z,relro -Werror conftest.c  >&5
ld: unknown option: -z
collect2: ld returned 1 exit status
configure:13378: $? = 1
configure: failed program was:
| /* confdefs.h */
| #define PACKAGE_NAME "fwknop"
| #define PACKAGE_TARNAME "fwknop"
| #define PACKAGE_VERSION "2.0.4"
| #define PACKAGE_STRING "fwknop 2.0.4"
| #define PACKAGE_BUGREPORT "dstuart@dstuart.org"
| #define PACKAGE_URL ""
| #define PACKAGE "fwknop"
| #define VERSION "2.0.4"
| #define STDC_HEADERS 1
| #define HAVE_SYS_TYPES_H 1
| #define HAVE_SYS_STAT_H 1
| #define HAVE_STDLIB_H 1
| #define HAVE_STRING_H 1
| #define HAVE_MEMORY_H 1
| #define HAVE_STRINGS_H 1
| #define HAVE_INTTYPES_H 1
| #define HAVE_STDINT_H 1
| #define HAVE_UNISTD_H 1
| #define __EXTENSIONS__ 1
| #define _ALL_SOURCE 1
| #define _GNU_SOURCE 1
| #define _POSIX_PTHREAD_SEMANTICS 1
| #define _TANDEM_SOURCE 1
| #define HAVE_DLFCN_H 1
| #define LT_OBJDIR ".libs/"
| /* end confdefs.h.  */
| 
| #include <stdio.h>
| int main(void){char x[256]; snprintf(x, sizeof(x), "NNN"); return 0;}
| 
configure:13406: result: no
configure:13426: checking if gcc supports -Wl,-z,now
configure:13435: gcc -o conftest -g -O2 -Wall -Wformat -Wformat-security -fstack-protector-all -fstack-protector -fPIE -D_FORTIFY_SOURCE=2   -Wall -Wformat -Wformat-security -fstack-protector-all -fstack-protector -fPIE -pie -D_FORTIFY_SOURCE=2 -Wl,-z,now -Werror conftest.c  >&5
ld: unknown option: -z
collect2: ld returned 1 exit status
configure:13435: $? = 1
configure: failed program was:
| /* confdefs.h */
| #define PACKAGE_NAME "fwknop"
| #define PACKAGE_TARNAME "fwknop"
| #define PACKAGE_VERSION "2.0.4"
| #define PACKAGE_STRING "fwknop 2.0.4"
| #define PACKAGE_BUGREPORT "dstuart@dstuart.org"
| #define PACKAGE_URL ""
| #define PACKAGE "fwknop"
| #define VERSION "2.0.4"
| #define STDC_HEADERS 1
| #define HAVE_SYS_TYPES_H 1
| #define HAVE_SYS_STAT_H 1
| #define HAVE_STDLIB_H 1
| #define HAVE_STRING_H 1
| #define HAVE_MEMORY_H 1
| #define HAVE_STRINGS_H 1
| #define HAVE_INTTYPES_H 1
| #define HAVE_STDINT_H 1
| #define HAVE_UNISTD_H 1
| #define __EXTENSIONS__ 1
| #define _ALL_SOURCE 1
| #define _GNU_SOURCE 1
| #define _POSIX_PTHREAD_SEMANTICS 1
| #define _TANDEM_SOURCE 1
| #define HAVE_DLFCN_H 1
| #define LT_OBJDIR ".libs/"
| /* end confdefs.h.  */
| 
| #include <stdio.h>
| int main(void){char x[256]; snprintf(x, sizeof(x), "NNN"); return 0;}
| 
configure:13463: result: no
configure:13474: checking for ANSI C header files
configure:13578: result: yes
configure:13586: checking whether time.h and sys/time.h may both be included
configure:13606: gcc -c -g -O2 -Wall -Wformat -Wformat-security -fstack-protector-all -fstack-protector -fPIE -D_FORTIFY_SOURCE=2  conftest.c >&5
configure:13606: $? = 0
configure:13613: result: yes
configure:13624: checking for sys/types.h
configure:13624: result: yes
configure:13624: checking for netinet/in.h
configure:13624: gcc -c -g -O2 -Wall -Wformat -Wformat-security -fstack-protector-all -fstack-protector -fPIE -D_FORTIFY_SOURCE=2  conftest.c >&5
configure:13624: $? = 0
configure:13624: result: yes
configure:13624: checking for arpa/nameser.h
configure:13624: gcc -c -g -O2 -Wall -Wformat -Wformat-security -fstack-protector-all -fstack-protector -fPIE -D_FORTIFY_SOURCE=2  conftest.c >&5
configure:13624: $? = 0
configure:13624: result: yes
configure:13624: checking for netdb.h
configure:13624: gcc -c -g -O2 -Wall -Wformat -Wformat-security -fstack-protector-all -fstack-protector -fPIE -D_FORTIFY_SOURCE=2  conftest.c >&5
configure:13624: $? = 0
configure:13624: result: yes
configure:13624: checking for resolv.h
configure:13624: gcc -c -g -O2 -Wall -Wformat -Wformat-security -fstack-protector-all -fstack-protector -fPIE -D_FORTIFY_SOURCE=2  conftest.c >&5
configure:13624: $? = 0
configure:13624: result: yes
configure:13651: checking arpa/inet.h usability
configure:13651: gcc -c -g -O2 -Wall -Wformat -Wformat-security -fstack-protector-all -fstack-protector -fPIE -D_FORTIFY_SOURCE=2  conftest.c >&5
configure:13651: $? = 0
configure:13651: result: yes
configure:13651: checking arpa/inet.h presence
configure:13651: gcc -E  conftest.c
configure:13651: $? = 0
configure:13651: result: yes
configure:13651: checking for arpa/inet.h
configure:13651: result: yes
configure:13651: checking ctype.h usability
configure:13651: gcc -c -g -O2 -Wall -Wformat -Wformat-security -fstack-protector-all -fstack-protector -fPIE -D_FORTIFY_SOURCE=2  conftest.c >&5
configure:13651: $? = 0
configure:13651: result: yes
configure:13651: checking ctype.h presence
configure:13651: gcc -E  conftest.c
configure:13651: $? = 0
configure:13651: result: yes
configure:13651: checking for ctype.h
configure:13651: result: yes
configure:13651: checking endian.h usability
configure:13651: gcc -c -g -O2 -Wall -Wformat -Wformat-security -fstack-protector-all -fstack-protector -fPIE -D_FORTIFY_SOURCE=2  conftest.c >&5
conftest.c:70:20: error: endian.h: No such file or directory
configure:13651: $? = 1
configure: failed program was:
| /* confdefs.h */
| #define PACKAGE_NAME "fwknop"
| #define PACKAGE_TARNAME "fwknop"
| #define PACKAGE_VERSION "2.0.4"
| #define PACKAGE_STRING "fwknop 2.0.4"
| #define PACKAGE_BUGREPORT "dstuart@dstuart.org"
| #define PACKAGE_URL ""
| #define PACKAGE "fwknop"
| #define VERSION "2.0.4"
| #define STDC_HEADERS 1
| #define HAVE_SYS_TYPES_H 1
| #define HAVE_SYS_STAT_H 1
| #define HAVE_STDLIB_H 1
| #define HAVE_STRING_H 1
| #define HAVE_MEMORY_H 1
| #define HAVE_STRINGS_H 1
| #define HAVE_INTTYPES_H 1
| #define HAVE_STDINT_H 1
| #define HAVE_UNISTD_H 1
| #define __EXTENSIONS__ 1
| #define _ALL_SOURCE 1
| #define _GNU_SOURCE 1
| #define _POSIX_PTHREAD_SEMANTICS 1
| #define _TANDEM_SOURCE 1
| #define HAVE_DLFCN_H 1
| #define LT_OBJDIR ".libs/"
| #define STDC_HEADERS 1
| #define TIME_WITH_SYS_TIME 1
| #define HAVE_SYS_TYPES_H 1
| #define HAVE_NETINET_IN_H 1
| #define HAVE_ARPA_NAMESER_H 1
| #define HAVE_NETDB_H 1
| #define HAVE_RESOLV_H 1
| #define HAVE_ARPA_INET_H 1
| #define HAVE_CTYPE_H 1
| /* end confdefs.h.  */
| #include <stdio.h>
| #ifdef HAVE_SYS_TYPES_H
| # include <sys/types.h>
| #endif
| #ifdef HAVE_SYS_STAT_H
| # include <sys/stat.h>
| #endif
| #ifdef STDC_HEADERS
| # include <stdlib.h>
| # include <stddef.h>
| #else
| # ifdef HAVE_STDLIB_H
| #  include <stdlib.h>
| # endif
| #endif
| #ifdef HAVE_STRING_H
| # if !defined STDC_HEADERS && defined HAVE_MEMORY_H
| #  include <memory.h>
| # endif
| # include <string.h>
| #endif
| #ifdef HAVE_STRINGS_H
| # include <strings.h>
| #endif
| #ifdef HAVE_INTTYPES_H
| # include <inttypes.h>
| #endif
| #ifdef HAVE_STDINT_H
| # include <stdint.h>
| #endif
| #ifdef HAVE_UNISTD_H
| # include <unistd.h>
| #endif
| #include <endian.h>
configure:13651: result: no
configure:13651: checking endian.h presence
configure:13651: gcc -E  conftest.c
conftest.c:37:20: error: endian.h: No such file or directory
configure:13651: $? = 1
configure: failed program was:
| /* confdefs.h */
| #define PACKAGE_NAME "fwknop"
| #define PACKAGE_TARNAME "fwknop"
| #define PACKAGE_VERSION "2.0.4"
| #define PACKAGE_STRING "fwknop 2.0.4"
| #define PACKAGE_BUGREPORT "dstuart@dstuart.org"
| #define PACKAGE_URL ""
| #define PACKAGE "fwknop"
| #define VERSION "2.0.4"
| #define STDC_HEADERS 1
| #define HAVE_SYS_TYPES_H 1
| #define HAVE_SYS_STAT_H 1
| #define HAVE_STDLIB_H 1
| #define HAVE_STRING_H 1
| #define HAVE_MEMORY_H 1
| #define HAVE_STRINGS_H 1
| #define HAVE_INTTYPES_H 1
| #define HAVE_STDINT_H 1
| #define HAVE_UNISTD_H 1
| #define __EXTENSIONS__ 1
| #define _ALL_SOURCE 1
| #define _GNU_SOURCE 1
| #define _POSIX_PTHREAD_SEMANTICS 1
| #define _TANDEM_SOURCE 1
| #define HAVE_DLFCN_H 1
| #define LT_OBJDIR ".libs/"
| #define STDC_HEADERS 1
| #define TIME_WITH_SYS_TIME 1
| #define HAVE_SYS_TYPES_H 1
| #define HAVE_NETINET_IN_H 1
| #define HAVE_ARPA_NAMESER_H 1
| #define HAVE_NETDB_H 1
| #define HAVE_RESOLV_H 1
| #define HAVE_ARPA_INET_H 1
| #define HAVE_CTYPE_H 1
| /* end confdefs.h.  */
| #include <endian.h>
configure:13651: result: no
configure:13651: checking for endian.h
configure:13651: result: no
configure:13651: checking errno.h usability
configure:13651: gcc -c -g -O2 -Wall -Wformat -Wformat-security -fstack-protector-all -fstack-protector -fPIE -D_FORTIFY_SOURCE=2  conftest.c >&5
configure:13651: $? = 0
configure:13651: result: yes
configure:13651: checking errno.h presence
configure:13651: gcc -E  conftest.c
configure:13651: $? = 0
configure:13651: result: yes
configure:13651: checking for errno.h
configure:13651: result: yes
configure:13651: checking locale.h usability
configure:13651: gcc -c -g -O2 -Wall -Wformat -Wformat-security -fstack-protector-all -fstack-protector -fPIE -D_FORTIFY_SOURCE=2  conftest.c >&5
configure:13651: $? = 0
configure:13651: result: yes
configure:13651: checking locale.h presence
configure:13651: gcc -E  conftest.c
configure:13651: $? = 0
configure:13651: result: yes
configure:13651: checking for locale.h
configure:13651: result: yes
configure:13651: checking for netdb.h
configure:13651: result: yes
configure:13651: checking net/ethernet.h usability
configure:13651: gcc -c -g -O2 -Wall -Wformat -Wformat-security -fstack-protector-all -fstack-protector -fPIE -D_FORTIFY_SOURCE=2  conftest.c >&5
configure:13651: $? = 0
configure:13651: result: yes
configure:13651: checking net/ethernet.h presence
configure:13651: gcc -E  conftest.c
configure:13651: $? = 0
configure:13651: result: yes
configure:13651: checking for net/ethernet.h
configure:13651: result: yes
configure:13651: checking for netinet/in.h
configure:13651: result: yes
configure:13651: checking for stdint.h
configure:13651: result: yes
configure:13651: checking for stdlib.h
configure:13651: result: yes
configure:13651: checking for string.h
configure:13651: result: yes
configure:13651: checking for strings.h
configure:13651: result: yes
configure:13651: checking sys/byteorder.h usability
configure:13651: gcc -c -g -O2 -Wall -Wformat -Wformat-security -fstack-protector-all -fstack-protector -fPIE -D_FORTIFY_SOURCE=2  conftest.c >&5
conftest.c:79:27: error: sys/byteorder.h: No such file or directory
configure:13651: $? = 1
configure: failed program was:
| /* confdefs.h */
| #define PACKAGE_NAME "fwknop"
| #define PACKAGE_TARNAME "fwknop"
| #define PACKAGE_VERSION "2.0.4"
| #define PACKAGE_STRING "fwknop 2.0.4"
| #define PACKAGE_BUGREPORT "dstuart@dstuart.org"
| #define PACKAGE_URL ""
| #define PACKAGE "fwknop"
| #define VERSION "2.0.4"
| #define STDC_HEADERS 1
| #define HAVE_SYS_TYPES_H 1
| #define HAVE_SYS_STAT_H 1
| #define HAVE_STDLIB_H 1
| #define HAVE_STRING_H 1
| #define HAVE_MEMORY_H 1
| #define HAVE_STRINGS_H 1
| #define HAVE_INTTYPES_H 1
| #define HAVE_STDINT_H 1
| #define HAVE_UNISTD_H 1
| #define __EXTENSIONS__ 1
| #define _ALL_SOURCE 1
| #define _GNU_SOURCE 1
| #define _POSIX_PTHREAD_SEMANTICS 1
| #define _TANDEM_SOURCE 1
| #define HAVE_DLFCN_H 1
| #define LT_OBJDIR ".libs/"
| #define STDC_HEADERS 1
| #define TIME_WITH_SYS_TIME 1
| #define HAVE_SYS_TYPES_H 1
| #define HAVE_NETINET_IN_H 1
| #define HAVE_ARPA_NAMESER_H 1
| #define HAVE_NETDB_H 1
| #define HAVE_RESOLV_H 1
| #define HAVE_ARPA_INET_H 1
| #define HAVE_CTYPE_H 1
| #define HAVE_ERRNO_H 1
| #define HAVE_LOCALE_H 1
| #define HAVE_NETDB_H 1
| #define HAVE_NET_ETHERNET_H 1
| #define HAVE_NETINET_IN_H 1
| #define HAVE_STDINT_H 1
| #define HAVE_STDLIB_H 1
| #define HAVE_STRING_H 1
| #define HAVE_STRINGS_H 1
| /* end confdefs.h.  */
| #include <stdio.h>
| #ifdef HAVE_SYS_TYPES_H
| # include <sys/types.h>
| #endif
| #ifdef HAVE_SYS_STAT_H
| # include <sys/stat.h>
| #endif
| #ifdef STDC_HEADERS
| # include <stdlib.h>
| # include <stddef.h>
| #else
| # ifdef HAVE_STDLIB_H
| #  include <stdlib.h>
| # endif
| #endif
| #ifdef HAVE_STRING_H
| # if !defined STDC_HEADERS && defined HAVE_MEMORY_H
| #  include <memory.h>
| # endif
| # include <string.h>
| #endif
| #ifdef HAVE_STRINGS_H
| # include <strings.h>
| #endif
| #ifdef HAVE_INTTYPES_H
| # include <inttypes.h>
| #endif
| #ifdef HAVE_STDINT_H
| # include <stdint.h>
| #endif
| #ifdef HAVE_UNISTD_H
| # include <unistd.h>
| #endif
| #include <sys/byteorder.h>
configure:13651: result: no
configure:13651: checking sys/byteorder.h presence
configure:13651: gcc -E  conftest.c
conftest.c:46:27: error: sys/byteorder.h: No such file or directory
configure:13651: $? = 1
configure: failed program was:
| /* confdefs.h */
| #define PACKAGE_NAME "fwknop"
| #define PACKAGE_TARNAME "fwknop"
| #define PACKAGE_VERSION "2.0.4"
| #define PACKAGE_STRING "fwknop 2.0.4"
| #define PACKAGE_BUGREPORT "dstuart@dstuart.org"
| #define PACKAGE_URL ""
| #define PACKAGE "fwknop"
| #define VERSION "2.0.4"
| #define STDC_HEADERS 1
| #define HAVE_SYS_TYPES_H 1
| #define HAVE_SYS_STAT_H 1
| #define HAVE_STDLIB_H 1
| #define HAVE_STRING_H 1
| #define HAVE_MEMORY_H 1
| #define HAVE_STRINGS_H 1
| #define HAVE_INTTYPES_H 1
| #define HAVE_STDINT_H 1
| #define HAVE_UNISTD_H 1
| #define __EXTENSIONS__ 1
| #define _ALL_SOURCE 1
| #define _GNU_SOURCE 1
| #define _POSIX_PTHREAD_SEMANTICS 1
| #define _TANDEM_SOURCE 1
| #define HAVE_DLFCN_H 1
| #define LT_OBJDIR ".libs/"
| #define STDC_HEADERS 1
| #define TIME_WITH_SYS_TIME 1
| #define HAVE_SYS_TYPES_H 1
| #define HAVE_NETINET_IN_H 1
| #define HAVE_ARPA_NAMESER_H 1
| #define HAVE_NETDB_H 1
| #define HAVE_RESOLV_H 1
| #define HAVE_ARPA_INET_H 1
| #define HAVE_CTYPE_H 1
| #define HAVE_ERRNO_H 1
| #define HAVE_LOCALE_H 1
| #define HAVE_NETDB_H 1
| #define HAVE_NET_ETHERNET_H 1
| #define HAVE_NETINET_IN_H 1
| #define HAVE_STDINT_H 1
| #define HAVE_STDLIB_H 1
| #define HAVE_STRING_H 1
| #define HAVE_STRINGS_H 1
| /* end confdefs.h.  */
| #include <sys/byteorder.h>
configure:13651: result: no
configure:13651: checking for sys/byteorder.h
configure:13651: result: no
configure:13651: checking sys/endian.h usability
configure:13651: gcc -c -g -O2 -Wall -Wformat -Wformat-security -fstack-protector-all -fstack-protector -fPIE -D_FORTIFY_SOURCE=2  conftest.c >&5
conftest.c:79:24: error: sys/endian.h: No such file or directory
configure:13651: $? = 1
configure: failed program was:
| /* confdefs.h */
| #define PACKAGE_NAME "fwknop"
| #define PACKAGE_TARNAME "fwknop"
| #define PACKAGE_VERSION "2.0.4"
| #define PACKAGE_STRING "fwknop 2.0.4"
| #define PACKAGE_BUGREPORT "dstuart@dstuart.org"
| #define PACKAGE_URL ""
| #define PACKAGE "fwknop"
| #define VERSION "2.0.4"
| #define STDC_HEADERS 1
| #define HAVE_SYS_TYPES_H 1
| #define HAVE_SYS_STAT_H 1
| #define HAVE_STDLIB_H 1
| #define HAVE_STRING_H 1
| #define HAVE_MEMORY_H 1
| #define HAVE_STRINGS_H 1
| #define HAVE_INTTYPES_H 1
| #define HAVE_STDINT_H 1
| #define HAVE_UNISTD_H 1
| #define __EXTENSIONS__ 1
| #define _ALL_SOURCE 1
| #define _GNU_SOURCE 1
| #define _POSIX_PTHREAD_SEMANTICS 1
| #define _TANDEM_SOURCE 1
| #define HAVE_DLFCN_H 1
| #define LT_OBJDIR ".libs/"
| #define STDC_HEADERS 1
| #define TIME_WITH_SYS_TIME 1
| #define HAVE_SYS_TYPES_H 1
| #define HAVE_NETINET_IN_H 1
| #define HAVE_ARPA_NAMESER_H 1
| #define HAVE_NETDB_H 1
| #define HAVE_RESOLV_H 1
| #define HAVE_ARPA_INET_H 1
| #define HAVE_CTYPE_H 1
| #define HAVE_ERRNO_H 1
| #define HAVE_LOCALE_H 1
| #define HAVE_NETDB_H 1
| #define HAVE_NET_ETHERNET_H 1
| #define HAVE_NETINET_IN_H 1
| #define HAVE_STDINT_H 1
| #define HAVE_STDLIB_H 1
| #define HAVE_STRING_H 1
| #define HAVE_STRINGS_H 1
| /* end confdefs.h.  */
| #include <stdio.h>
| #ifdef HAVE_SYS_TYPES_H
| # include <sys/types.h>
| #endif
| #ifdef HAVE_SYS_STAT_H
| # include <sys/stat.h>
| #endif
| #ifdef STDC_HEADERS
| # include <stdlib.h>
| # include <stddef.h>
| #else
| # ifdef HAVE_STDLIB_H
| #  include <stdlib.h>
| # endif
| #endif
| #ifdef HAVE_STRING_H
| # if !defined STDC_HEADERS && defined HAVE_MEMORY_H
| #  include <memory.h>
| # endif
| # include <string.h>
| #endif
| #ifdef HAVE_STRINGS_H
| # include <strings.h>
| #endif
| #ifdef HAVE_INTTYPES_H
| # include <inttypes.h>
| #endif
| #ifdef HAVE_STDINT_H
| # include <stdint.h>
| #endif
| #ifdef HAVE_UNISTD_H
| # include <unistd.h>
| #endif
| #include <sys/endian.h>
configure:13651: result: no
configure:13651: checking sys/endian.h presence
configure:13651: gcc -E  conftest.c
conftest.c:46:24: error: sys/endian.h: No such file or directory
configure:13651: $? = 1
configure: failed program was:
| /* confdefs.h */
| #define PACKAGE_NAME "fwknop"
| #define PACKAGE_TARNAME "fwknop"
| #define PACKAGE_VERSION "2.0.4"
| #define PACKAGE_STRING "fwknop 2.0.4"
| #define PACKAGE_BUGREPORT "dstuart@dstuart.org"
| #define PACKAGE_URL ""
| #define PACKAGE "fwknop"
| #define VERSION "2.0.4"
| #define STDC_HEADERS 1
| #define HAVE_SYS_TYPES_H 1
| #define HAVE_SYS_STAT_H 1
| #define HAVE_STDLIB_H 1
| #define HAVE_STRING_H 1
| #define HAVE_MEMORY_H 1
| #define HAVE_STRINGS_H 1
| #define HAVE_INTTYPES_H 1
| #define HAVE_STDINT_H 1
| #define HAVE_UNISTD_H 1
| #define __EXTENSIONS__ 1
| #define _ALL_SOURCE 1
| #define _GNU_SOURCE 1
| #define _POSIX_PTHREAD_SEMANTICS 1
| #define _TANDEM_SOURCE 1
| #define HAVE_DLFCN_H 1
| #define LT_OBJDIR ".libs/"
| #define STDC_HEADERS 1
| #define TIME_WITH_SYS_TIME 1
| #define HAVE_SYS_TYPES_H 1
| #define HAVE_NETINET_IN_H 1
| #define HAVE_ARPA_NAMESER_H 1
| #define HAVE_NETDB_H 1
| #define HAVE_RESOLV_H 1
| #define HAVE_ARPA_INET_H 1
| #define HAVE_CTYPE_H 1
| #define HAVE_ERRNO_H 1
| #define HAVE_LOCALE_H 1
| #define HAVE_NETDB_H 1
| #define HAVE_NET_ETHERNET_H 1
| #define HAVE_NETINET_IN_H 1
| #define HAVE_STDINT_H 1
| #define HAVE_STDLIB_H 1
| #define HAVE_STRING_H 1
| #define HAVE_STRINGS_H 1
| /* end confdefs.h.  */
| #include <sys/endian.h>
configure:13651: result: no
configure:13651: checking for sys/endian.h
configure:13651: result: no
configure:13651: checking sys/ethernet.h usability
configure:13651: gcc -c -g -O2 -Wall -Wformat -Wformat-security -fstack-protector-all -fstack-protector -fPIE -D_FORTIFY_SOURCE=2  conftest.c >&5
conftest.c:79:26: error: sys/ethernet.h: No such file or directory
configure:13651: $? = 1
configure: failed program was:
| /* confdefs.h */
| #define PACKAGE_NAME "fwknop"
| #define PACKAGE_TARNAME "fwknop"
| #define PACKAGE_VERSION "2.0.4"
| #define PACKAGE_STRING "fwknop 2.0.4"
| #define PACKAGE_BUGREPORT "dstuart@dstuart.org"
| #define PACKAGE_URL ""
| #define PACKAGE "fwknop"
| #define VERSION "2.0.4"
| #define STDC_HEADERS 1
| #define HAVE_SYS_TYPES_H 1
| #define HAVE_SYS_STAT_H 1
| #define HAVE_STDLIB_H 1
| #define HAVE_STRING_H 1
| #define HAVE_MEMORY_H 1
| #define HAVE_STRINGS_H 1
| #define HAVE_INTTYPES_H 1
| #define HAVE_STDINT_H 1
| #define HAVE_UNISTD_H 1
| #define __EXTENSIONS__ 1
| #define _ALL_SOURCE 1
| #define _GNU_SOURCE 1
| #define _POSIX_PTHREAD_SEMANTICS 1
| #define _TANDEM_SOURCE 1
| #define HAVE_DLFCN_H 1
| #define LT_OBJDIR ".libs/"
| #define STDC_HEADERS 1
| #define TIME_WITH_SYS_TIME 1
| #define HAVE_SYS_TYPES_H 1
| #define HAVE_NETINET_IN_H 1
| #define HAVE_ARPA_NAMESER_H 1
| #define HAVE_NETDB_H 1
| #define HAVE_RESOLV_H 1
| #define HAVE_ARPA_INET_H 1
| #define HAVE_CTYPE_H 1
| #define HAVE_ERRNO_H 1
| #define HAVE_LOCALE_H 1
| #define HAVE_NETDB_H 1
| #define HAVE_NET_ETHERNET_H 1
| #define HAVE_NETINET_IN_H 1
| #define HAVE_STDINT_H 1
| #define HAVE_STDLIB_H 1
| #define HAVE_STRING_H 1
| #define HAVE_STRINGS_H 1
| /* end confdefs.h.  */
| #include <stdio.h>
| #ifdef HAVE_SYS_TYPES_H
| # include <sys/types.h>
| #endif
| #ifdef HAVE_SYS_STAT_H
| # include <sys/stat.h>
| #endif
| #ifdef STDC_HEADERS
| # include <stdlib.h>
| # include <stddef.h>
| #else
| # ifdef HAVE_STDLIB_H
| #  include <stdlib.h>
| # endif
| #endif
| #ifdef HAVE_STRING_H
| # if !defined STDC_HEADERS && defined HAVE_MEMORY_H
| #  include <memory.h>
| # endif
| # include <string.h>
| #endif
| #ifdef HAVE_STRINGS_H
| # include <strings.h>
| #endif
| #ifdef HAVE_INTTYPES_H
| # include <inttypes.h>
| #endif
| #ifdef HAVE_STDINT_H
| # include <stdint.h>
| #endif
| #ifdef HAVE_UNISTD_H
| # include <unistd.h>
| #endif
| #include <sys/ethernet.h>
configure:13651: result: no
configure:13651: checking sys/ethernet.h presence
configure:13651: gcc -E  conftest.c
conftest.c:46:26: error: sys/ethernet.h: No such file or directory
configure:13651: $? = 1
configure: failed program was:
| /* confdefs.h */
| #define PACKAGE_NAME "fwknop"
| #define PACKAGE_TARNAME "fwknop"
| #define PACKAGE_VERSION "2.0.4"
| #define PACKAGE_STRING "fwknop 2.0.4"
| #define PACKAGE_BUGREPORT "dstuart@dstuart.org"
| #define PACKAGE_URL ""
| #define PACKAGE "fwknop"
| #define VERSION "2.0.4"
| #define STDC_HEADERS 1
| #define HAVE_SYS_TYPES_H 1
| #define HAVE_SYS_STAT_H 1
| #define HAVE_STDLIB_H 1
| #define HAVE_STRING_H 1
| #define HAVE_MEMORY_H 1
| #define HAVE_STRINGS_H 1
| #define HAVE_INTTYPES_H 1
| #define HAVE_STDINT_H 1
| #define HAVE_UNISTD_H 1
| #define __EXTENSIONS__ 1
| #define _ALL_SOURCE 1
| #define _GNU_SOURCE 1
| #define _POSIX_PTHREAD_SEMANTICS 1
| #define _TANDEM_SOURCE 1
| #define HAVE_DLFCN_H 1
| #define LT_OBJDIR ".libs/"
| #define STDC_HEADERS 1
| #define TIME_WITH_SYS_TIME 1
| #define HAVE_SYS_TYPES_H 1
| #define HAVE_NETINET_IN_H 1
| #define HAVE_ARPA_NAMESER_H 1
| #define HAVE_NETDB_H 1
| #define HAVE_RESOLV_H 1
| #define HAVE_ARPA_INET_H 1
| #define HAVE_CTYPE_H 1
| #define HAVE_ERRNO_H 1
| #define HAVE_LOCALE_H 1
| #define HAVE_NETDB_H 1
| #define HAVE_NET_ETHERNET_H 1
| #define HAVE_NETINET_IN_H 1
| #define HAVE_STDINT_H 1
| #define HAVE_STDLIB_H 1
| #define HAVE_STRING_H 1
| #define HAVE_STRINGS_H 1
| /* end confdefs.h.  */
| #include <sys/ethernet.h>
configure:13651: result: no
configure:13651: checking for sys/ethernet.h
configure:13651: result: no
configure:13651: checking sys/socket.h usability
configure:13651: gcc -c -g -O2 -Wall -Wformat -Wformat-security -fstack-protector-all -fstack-protector -fPIE -D_FORTIFY_SOURCE=2  conftest.c >&5
configure:13651: $? = 0
configure:13651: result: yes
configure:13651: checking sys/socket.h presence
configure:13651: gcc -E  conftest.c
configure:13651: $? = 0
configure:13651: result: yes
configure:13651: checking for sys/socket.h
configure:13651: result: yes
configure:13651: checking for sys/stat.h
configure:13651: result: yes
configure:13651: checking sys/time.h usability
configure:13651: gcc -c -g -O2 -Wall -Wformat -Wformat-security -fstack-protector-all -fstack-protector -fPIE -D_FORTIFY_SOURCE=2  conftest.c >&5
configure:13651: $? = 0
configure:13651: result: yes
configure:13651: checking sys/time.h presence
configure:13651: gcc -E  conftest.c
configure:13651: $? = 0
configure:13651: result: yes
configure:13651: checking for sys/time.h
configure:13651: result: yes
configure:13651: checking sys/wait.h usability
configure:13651: gcc -c -g -O2 -Wall -Wformat -Wformat-security -fstack-protector-all -fstack-protector -fPIE -D_FORTIFY_SOURCE=2  conftest.c >&5
configure:13651: $? = 0
configure:13651: result: yes
configure:13651: checking sys/wait.h presence
configure:13651: gcc -E  conftest.c
configure:13651: $? = 0
configure:13651: result: yes
configure:13651: checking for sys/wait.h
configure:13651: result: yes
configure:13651: checking termios.h usability
configure:13651: gcc -c -g -O2 -Wall -Wformat -Wformat-security -fstack-protector-all -fstack-protector -fPIE -D_FORTIFY_SOURCE=2  conftest.c >&5
configure:13651: $? = 0
configure:13651: result: yes
configure:13651: checking termios.h presence
configure:13651: gcc -E  conftest.c
configure:13651: $? = 0
configure:13651: result: yes
configure:13651: checking for termios.h
configure:13651: result: yes
configure:13651: checking time.h usability
configure:13651: gcc -c -g -O2 -Wall -Wformat -Wformat-security -fstack-protector-all -fstack-protector -fPIE -D_FORTIFY_SOURCE=2  conftest.c >&5
configure:13651: $? = 0
configure:13651: result: yes
configure:13651: checking time.h presence
configure:13651: gcc -E  conftest.c
configure:13651: $? = 0
configure:13651: result: yes
configure:13651: checking for time.h
configure:13651: result: yes
configure:13651: checking for unistd.h
configure:13651: result: yes
configure:13664: checking for an ANSI C-conforming const
configure:13730: gcc -c -g -O2 -Wall -Wformat -Wformat-security -fstack-protector-all -fstack-protector -fPIE -D_FORTIFY_SOURCE=2  conftest.c >&5
configure:13730: $? = 0
configure:13737: result: yes
configure:13745: checking for int8_t
configure:13745: gcc -c -g -O2 -Wall -Wformat -Wformat-security -fstack-protector-all -fstack-protector -fPIE -D_FORTIFY_SOURCE=2  conftest.c >&5
configure:13745: $? = 0
configure:13745: gcc -c -g -O2 -Wall -Wformat -Wformat-security -fstack-protector-all -fstack-protector -fPIE -D_FORTIFY_SOURCE=2  conftest.c >&5
conftest.c: In function 'main':
conftest.c:91: error: size of array 'test_array' is negative
configure:13745: $? = 1
configure: failed program was:
| /* confdefs.h */
| #define PACKAGE_NAME "fwknop"
| #define PACKAGE_TARNAME "fwknop"
| #define PACKAGE_VERSION "2.0.4"
| #define PACKAGE_STRING "fwknop 2.0.4"
| #define PACKAGE_BUGREPORT "dstuart@dstuart.org"
| #define PACKAGE_URL ""
| #define PACKAGE "fwknop"
| #define VERSION "2.0.4"
| #define STDC_HEADERS 1
| #define HAVE_SYS_TYPES_H 1
| #define HAVE_SYS_STAT_H 1
| #define HAVE_STDLIB_H 1
| #define HAVE_STRING_H 1
| #define HAVE_MEMORY_H 1
| #define HAVE_STRINGS_H 1
| #define HAVE_INTTYPES_H 1
| #define HAVE_STDINT_H 1
| #define HAVE_UNISTD_H 1
| #define __EXTENSIONS__ 1
| #define _ALL_SOURCE 1
| #define _GNU_SOURCE 1
| #define _POSIX_PTHREAD_SEMANTICS 1
| #define _TANDEM_SOURCE 1
| #define HAVE_DLFCN_H 1
| #define LT_OBJDIR ".libs/"
| #define STDC_HEADERS 1
| #define TIME_WITH_SYS_TIME 1
| #define HAVE_SYS_TYPES_H 1
| #define HAVE_NETINET_IN_H 1
| #define HAVE_ARPA_NAMESER_H 1
| #define HAVE_NETDB_H 1
| #define HAVE_RESOLV_H 1
| #define HAVE_ARPA_INET_H 1
| #define HAVE_CTYPE_H 1
| #define HAVE_ERRNO_H 1
| #define HAVE_LOCALE_H 1
| #define HAVE_NETDB_H 1
| #define HAVE_NET_ETHERNET_H 1
| #define HAVE_NETINET_IN_H 1
| #define HAVE_STDINT_H 1
| #define HAVE_STDLIB_H 1
| #define HAVE_STRING_H 1
| #define HAVE_STRINGS_H 1
| #define HAVE_SYS_SOCKET_H 1
| #define HAVE_SYS_STAT_H 1
| #define HAVE_SYS_TIME_H 1
| #define HAVE_SYS_WAIT_H 1
| #define HAVE_TERMIOS_H 1
| #define HAVE_TIME_H 1
| #define HAVE_UNISTD_H 1
| /* end confdefs.h.  */
| #include <stdio.h>
| #ifdef HAVE_SYS_TYPES_H
| # include <sys/types.h>
| #endif
| #ifdef HAVE_SYS_STAT_H
| # include <sys/stat.h>
| #endif
| #ifdef STDC_HEADERS
| # include <stdlib.h>
| # include <stddef.h>
| #else
| # ifdef HAVE_STDLIB_H
| #  include <stdlib.h>
| # endif
| #endif
| #ifdef HAVE_STRING_H
| # if !defined STDC_HEADERS && defined HAVE_MEMORY_H
| #  include <memory.h>
| # endif
| # include <string.h>
| #endif
| #ifdef HAVE_STRINGS_H
| # include <strings.h>
| #endif
| #ifdef HAVE_INTTYPES_H
| # include <inttypes.h>
| #endif
| #ifdef HAVE_STDINT_H
| # include <stdint.h>
| #endif
| #ifdef HAVE_UNISTD_H
| # include <unistd.h>
| #endif
| 	        enum { N = 8 / 2 - 1 };
| int
| main ()
| {
| static int test_array [1 - 2 * !((int8_t) (((((int8_t) 1 << N) << N) - 1) * 2 + 1)
| 		 < (int8_t) (((((int8_t) 1 << N) << N) - 1) * 2 + 2))];
| test_array [0] = 0;
| return test_array [0];
| 
|   ;
|   return 0;
| }
configure:13745: result: yes
configure:13756: checking for int16_t
configure:13756: gcc -c -g -O2 -Wall -Wformat -Wformat-security -fstack-protector-all -fstack-protector -fPIE -D_FORTIFY_SOURCE=2  conftest.c >&5
configure:13756: $? = 0
configure:13756: gcc -c -g -O2 -Wall -Wformat -Wformat-security -fstack-protector-all -fstack-protector -fPIE -D_FORTIFY_SOURCE=2  conftest.c >&5
conftest.c: In function 'main':
conftest.c:91: error: size of array 'test_array' is negative
configure:13756: $? = 1
configure: failed program was:
| /* confdefs.h */
| #define PACKAGE_NAME "fwknop"
| #define PACKAGE_TARNAME "fwknop"
| #define PACKAGE_VERSION "2.0.4"
| #define PACKAGE_STRING "fwknop 2.0.4"
| #define PACKAGE_BUGREPORT "dstuart@dstuart.org"
| #define PACKAGE_URL ""
| #define PACKAGE "fwknop"
| #define VERSION "2.0.4"
| #define STDC_HEADERS 1
| #define HAVE_SYS_TYPES_H 1
| #define HAVE_SYS_STAT_H 1
| #define HAVE_STDLIB_H 1
| #define HAVE_STRING_H 1
| #define HAVE_MEMORY_H 1
| #define HAVE_STRINGS_H 1
| #define HAVE_INTTYPES_H 1
| #define HAVE_STDINT_H 1
| #define HAVE_UNISTD_H 1
| #define __EXTENSIONS__ 1
| #define _ALL_SOURCE 1
| #define _GNU_SOURCE 1
| #define _POSIX_PTHREAD_SEMANTICS 1
| #define _TANDEM_SOURCE 1
| #define HAVE_DLFCN_H 1
| #define LT_OBJDIR ".libs/"
| #define STDC_HEADERS 1
| #define TIME_WITH_SYS_TIME 1
| #define HAVE_SYS_TYPES_H 1
| #define HAVE_NETINET_IN_H 1
| #define HAVE_ARPA_NAMESER_H 1
| #define HAVE_NETDB_H 1
| #define HAVE_RESOLV_H 1
| #define HAVE_ARPA_INET_H 1
| #define HAVE_CTYPE_H 1
| #define HAVE_ERRNO_H 1
| #define HAVE_LOCALE_H 1
| #define HAVE_NETDB_H 1
| #define HAVE_NET_ETHERNET_H 1
| #define HAVE_NETINET_IN_H 1
| #define HAVE_STDINT_H 1
| #define HAVE_STDLIB_H 1
| #define HAVE_STRING_H 1
| #define HAVE_STRINGS_H 1
| #define HAVE_SYS_SOCKET_H 1
| #define HAVE_SYS_STAT_H 1
| #define HAVE_SYS_TIME_H 1
| #define HAVE_SYS_WAIT_H 1
| #define HAVE_TERMIOS_H 1
| #define HAVE_TIME_H 1
| #define HAVE_UNISTD_H 1
| /* end confdefs.h.  */
| #include <stdio.h>
| #ifdef HAVE_SYS_TYPES_H
| # include <sys/types.h>
| #endif
| #ifdef HAVE_SYS_STAT_H
| # include <sys/stat.h>
| #endif
| #ifdef STDC_HEADERS
| # include <stdlib.h>
| # include <stddef.h>
| #else
| # ifdef HAVE_STDLIB_H
| #  include <stdlib.h>
| # endif
| #endif
| #ifdef HAVE_STRING_H
| # if !defined STDC_HEADERS && defined HAVE_MEMORY_H
| #  include <memory.h>
| # endif
| # include <string.h>
| #endif
| #ifdef HAVE_STRINGS_H
| # include <strings.h>
| #endif
| #ifdef HAVE_INTTYPES_H
| # include <inttypes.h>
| #endif
| #ifdef HAVE_STDINT_H
| # include <stdint.h>
| #endif
| #ifdef HAVE_UNISTD_H
| # include <unistd.h>
| #endif
| 	        enum { N = 16 / 2 - 1 };
| int
| main ()
| {
| static int test_array [1 - 2 * !((int16_t) (((((int16_t) 1 << N) << N) - 1) * 2 + 1)
| 		 < (int16_t) (((((int16_t) 1 << N) << N) - 1) * 2 + 2))];
| test_array [0] = 0;
| return test_array [0];
| 
|   ;
|   return 0;
| }
configure:13756: result: yes
configure:13767: checking for int32_t
configure:13767: gcc -c -g -O2 -Wall -Wformat -Wformat-security -fstack-protector-all -fstack-protector -fPIE -D_FORTIFY_SOURCE=2  conftest.c >&5
configure:13767: $? = 0
configure:13767: gcc -c -g -O2 -Wall -Wformat -Wformat-security -fstack-protector-all -fstack-protector -fPIE -D_FORTIFY_SOURCE=2  conftest.c >&5
conftest.c: In function 'main':
conftest.c:91: warning: integer overflow in expression
conftest.c:91: error: size of array 'test_array' is negative
configure:13767: $? = 1
configure: failed program was:
| /* confdefs.h */
| #define PACKAGE_NAME "fwknop"
| #define PACKAGE_TARNAME "fwknop"
| #define PACKAGE_VERSION "2.0.4"
| #define PACKAGE_STRING "fwknop 2.0.4"
| #define PACKAGE_BUGREPORT "dstuart@dstuart.org"
| #define PACKAGE_URL ""
| #define PACKAGE "fwknop"
| #define VERSION "2.0.4"
| #define STDC_HEADERS 1
| #define HAVE_SYS_TYPES_H 1
| #define HAVE_SYS_STAT_H 1
| #define HAVE_STDLIB_H 1
| #define HAVE_STRING_H 1
| #define HAVE_MEMORY_H 1
| #define HAVE_STRINGS_H 1
| #define HAVE_INTTYPES_H 1
| #define HAVE_STDINT_H 1
| #define HAVE_UNISTD_H 1
| #define __EXTENSIONS__ 1
| #define _ALL_SOURCE 1
| #define _GNU_SOURCE 1
| #define _POSIX_PTHREAD_SEMANTICS 1
| #define _TANDEM_SOURCE 1
| #define HAVE_DLFCN_H 1
| #define LT_OBJDIR ".libs/"
| #define STDC_HEADERS 1
| #define TIME_WITH_SYS_TIME 1
| #define HAVE_SYS_TYPES_H 1
| #define HAVE_NETINET_IN_H 1
| #define HAVE_ARPA_NAMESER_H 1
| #define HAVE_NETDB_H 1
| #define HAVE_RESOLV_H 1
| #define HAVE_ARPA_INET_H 1
| #define HAVE_CTYPE_H 1
| #define HAVE_ERRNO_H 1
| #define HAVE_LOCALE_H 1
| #define HAVE_NETDB_H 1
| #define HAVE_NET_ETHERNET_H 1
| #define HAVE_NETINET_IN_H 1
| #define HAVE_STDINT_H 1
| #define HAVE_STDLIB_H 1
| #define HAVE_STRING_H 1
| #define HAVE_STRINGS_H 1
| #define HAVE_SYS_SOCKET_H 1
| #define HAVE_SYS_STAT_H 1
| #define HAVE_SYS_TIME_H 1
| #define HAVE_SYS_WAIT_H 1
| #define HAVE_TERMIOS_H 1
| #define HAVE_TIME_H 1
| #define HAVE_UNISTD_H 1
| /* end confdefs.h.  */
| #include <stdio.h>
| #ifdef HAVE_SYS_TYPES_H
| # include <sys/types.h>
| #endif
| #ifdef HAVE_SYS_STAT_H
| # include <sys/stat.h>
| #endif
| #ifdef STDC_HEADERS
| # include <stdlib.h>
| # include <stddef.h>
| #else
| # ifdef HAVE_STDLIB_H
| #  include <stdlib.h>
| # endif
| #endif
| #ifdef HAVE_STRING_H
| # if !defined STDC_HEADERS && defined HAVE_MEMORY_H
| #  include <memory.h>
| # endif
| # include <string.h>
| #endif
| #ifdef HAVE_STRINGS_H
| # include <strings.h>
| #endif
| #ifdef HAVE_INTTYPES_H
| # include <inttypes.h>
| #endif
| #ifdef HAVE_STDINT_H
| # include <stdint.h>
| #endif
| #ifdef HAVE_UNISTD_H
| # include <unistd.h>
| #endif
| 	        enum { N = 32 / 2 - 1 };
| int
| main ()
| {
| static int test_array [1 - 2 * !((int32_t) (((((int32_t) 1 << N) << N) - 1) * 2 + 1)
| 		 < (int32_t) (((((int32_t) 1 << N) << N) - 1) * 2 + 2))];
| test_array [0] = 0;
| return test_array [0];
| 
|   ;
|   return 0;
| }
configure:13767: result: yes
configure:13778: checking for int64_t
configure:13778: gcc -c -g -O2 -Wall -Wformat -Wformat-security -fstack-protector-all -fstack-protector -fPIE -D_FORTIFY_SOURCE=2  conftest.c >&5
configure:13778: $? = 0
configure:13778: gcc -c -g -O2 -Wall -Wformat -Wformat-security -fstack-protector-all -fstack-protector -fPIE -D_FORTIFY_SOURCE=2  conftest.c >&5
conftest.c: In function 'main':
conftest.c:91: warning: integer overflow in expression
conftest.c:91: error: size of array 'test_array' is negative
configure:13778: $? = 1
configure: failed program was:
| /* confdefs.h */
| #define PACKAGE_NAME "fwknop"
| #define PACKAGE_TARNAME "fwknop"
| #define PACKAGE_VERSION "2.0.4"
| #define PACKAGE_STRING "fwknop 2.0.4"
| #define PACKAGE_BUGREPORT "dstuart@dstuart.org"
| #define PACKAGE_URL ""
| #define PACKAGE "fwknop"
| #define VERSION "2.0.4"
| #define STDC_HEADERS 1
| #define HAVE_SYS_TYPES_H 1
| #define HAVE_SYS_STAT_H 1
| #define HAVE_STDLIB_H 1
| #define HAVE_STRING_H 1
| #define HAVE_MEMORY_H 1
| #define HAVE_STRINGS_H 1
| #define HAVE_INTTYPES_H 1
| #define HAVE_STDINT_H 1
| #define HAVE_UNISTD_H 1
| #define __EXTENSIONS__ 1
| #define _ALL_SOURCE 1
| #define _GNU_SOURCE 1
| #define _POSIX_PTHREAD_SEMANTICS 1
| #define _TANDEM_SOURCE 1
| #define HAVE_DLFCN_H 1
| #define LT_OBJDIR ".libs/"
| #define STDC_HEADERS 1
| #define TIME_WITH_SYS_TIME 1
| #define HAVE_SYS_TYPES_H 1
| #define HAVE_NETINET_IN_H 1
| #define HAVE_ARPA_NAMESER_H 1
| #define HAVE_NETDB_H 1
| #define HAVE_RESOLV_H 1
| #define HAVE_ARPA_INET_H 1
| #define HAVE_CTYPE_H 1
| #define HAVE_ERRNO_H 1
| #define HAVE_LOCALE_H 1
| #define HAVE_NETDB_H 1
| #define HAVE_NET_ETHERNET_H 1
| #define HAVE_NETINET_IN_H 1
| #define HAVE_STDINT_H 1
| #define HAVE_STDLIB_H 1
| #define HAVE_STRING_H 1
| #define HAVE_STRINGS_H 1
| #define HAVE_SYS_SOCKET_H 1
| #define HAVE_SYS_STAT_H 1
| #define HAVE_SYS_TIME_H 1
| #define HAVE_SYS_WAIT_H 1
| #define HAVE_TERMIOS_H 1
| #define HAVE_TIME_H 1
| #define HAVE_UNISTD_H 1
| /* end confdefs.h.  */
| #include <stdio.h>
| #ifdef HAVE_SYS_TYPES_H
| # include <sys/types.h>
| #endif
| #ifdef HAVE_SYS_STAT_H
| # include <sys/stat.h>
| #endif
| #ifdef STDC_HEADERS
| # include <stdlib.h>
| # include <stddef.h>
| #else
| # ifdef HAVE_STDLIB_H
| #  include <stdlib.h>
| # endif
| #endif
| #ifdef HAVE_STRING_H
| # if !defined STDC_HEADERS && defined HAVE_MEMORY_H
| #  include <memory.h>
| # endif
| # include <string.h>
| #endif
| #ifdef HAVE_STRINGS_H
| # include <strings.h>
| #endif
| #ifdef HAVE_INTTYPES_H
| # include <inttypes.h>
| #endif
| #ifdef HAVE_STDINT_H
| # include <stdint.h>
| #endif
| #ifdef HAVE_UNISTD_H
| # include <unistd.h>
| #endif
| 	        enum { N = 64 / 2 - 1 };
| int
| main ()
| {
| static int test_array [1 - 2 * !((int64_t) (((((int64_t) 1 << N) << N) - 1) * 2 + 1)
| 		 < (int64_t) (((((int64_t) 1 << N) << N) - 1) * 2 + 2))];
| test_array [0] = 0;
| return test_array [0];
| 
|   ;
|   return 0;
| }
configure:13778: result: yes
configure:13789: checking for uint8_t
configure:13789: gcc -c -g -O2 -Wall -Wformat -Wformat-security -fstack-protector-all -fstack-protector -fPIE -D_FORTIFY_SOURCE=2  conftest.c >&5
configure:13789: $? = 0
configure:13789: result: yes
configure:13803: checking for uint16_t
configure:13803: gcc -c -g -O2 -Wall -Wformat -Wformat-security -fstack-protector-all -fstack-protector -fPIE -D_FORTIFY_SOURCE=2  conftest.c >&5
configure:13803: $? = 0
configure:13803: result: yes
configure:13815: checking for uint32_t
configure:13815: gcc -c -g -O2 -Wall -Wformat -Wformat-security -fstack-protector-all -fstack-protector -fPIE -D_FORTIFY_SOURCE=2  conftest.c >&5
configure:13815: $? = 0
configure:13815: result: yes
configure:13829: checking for uint64_t
configure:13829: gcc -c -g -O2 -Wall -Wformat -Wformat-security -fstack-protector-all -fstack-protector -fPIE -D_FORTIFY_SOURCE=2  conftest.c >&5
configure:13829: $? = 0
configure:13829: result: yes
configure:13843: checking for off_t
configure:13843: gcc -c -g -O2 -Wall -Wformat -Wformat-security -fstack-protector-all -fstack-protector -fPIE -D_FORTIFY_SOURCE=2  conftest.c >&5
configure:13843: $? = 0
configure:13843: gcc -c -g -O2 -Wall -Wformat -Wformat-security -fstack-protector-all -fstack-protector -fPIE -D_FORTIFY_SOURCE=2  conftest.c >&5
conftest.c: In function 'main':
conftest.c:89: error: expected expression before ')' token
configure:13843: $? = 1
configure: failed program was:
| /* confdefs.h */
| #define PACKAGE_NAME "fwknop"
| #define PACKAGE_TARNAME "fwknop"
| #define PACKAGE_VERSION "2.0.4"
| #define PACKAGE_STRING "fwknop 2.0.4"
| #define PACKAGE_BUGREPORT "dstuart@dstuart.org"
| #define PACKAGE_URL ""
| #define PACKAGE "fwknop"
| #define VERSION "2.0.4"
| #define STDC_HEADERS 1
| #define HAVE_SYS_TYPES_H 1
| #define HAVE_SYS_STAT_H 1
| #define HAVE_STDLIB_H 1
| #define HAVE_STRING_H 1
| #define HAVE_MEMORY_H 1
| #define HAVE_STRINGS_H 1
| #define HAVE_INTTYPES_H 1
| #define HAVE_STDINT_H 1
| #define HAVE_UNISTD_H 1
| #define __EXTENSIONS__ 1
| #define _ALL_SOURCE 1
| #define _GNU_SOURCE 1
| #define _POSIX_PTHREAD_SEMANTICS 1
| #define _TANDEM_SOURCE 1
| #define HAVE_DLFCN_H 1
| #define LT_OBJDIR ".libs/"
| #define STDC_HEADERS 1
| #define TIME_WITH_SYS_TIME 1
| #define HAVE_SYS_TYPES_H 1
| #define HAVE_NETINET_IN_H 1
| #define HAVE_ARPA_NAMESER_H 1
| #define HAVE_NETDB_H 1
| #define HAVE_RESOLV_H 1
| #define HAVE_ARPA_INET_H 1
| #define HAVE_CTYPE_H 1
| #define HAVE_ERRNO_H 1
| #define HAVE_LOCALE_H 1
| #define HAVE_NETDB_H 1
| #define HAVE_NET_ETHERNET_H 1
| #define HAVE_NETINET_IN_H 1
| #define HAVE_STDINT_H 1
| #define HAVE_STDLIB_H 1
| #define HAVE_STRING_H 1
| #define HAVE_STRINGS_H 1
| #define HAVE_SYS_SOCKET_H 1
| #define HAVE_SYS_STAT_H 1
| #define HAVE_SYS_TIME_H 1
| #define HAVE_SYS_WAIT_H 1
| #define HAVE_TERMIOS_H 1
| #define HAVE_TIME_H 1
| #define HAVE_UNISTD_H 1
| /* end confdefs.h.  */
| #include <stdio.h>
| #ifdef HAVE_SYS_TYPES_H
| # include <sys/types.h>
| #endif
| #ifdef HAVE_SYS_STAT_H
| # include <sys/stat.h>
| #endif
| #ifdef STDC_HEADERS
| # include <stdlib.h>
| # include <stddef.h>
| #else
| # ifdef HAVE_STDLIB_H
| #  include <stdlib.h>
| # endif
| #endif
| #ifdef HAVE_STRING_H
| # if !defined STDC_HEADERS && defined HAVE_MEMORY_H
| #  include <memory.h>
| # endif
| # include <string.h>
| #endif
| #ifdef HAVE_STRINGS_H
| # include <strings.h>
| #endif
| #ifdef HAVE_INTTYPES_H
| # include <inttypes.h>
| #endif
| #ifdef HAVE_STDINT_H
| # include <stdint.h>
| #endif
| #ifdef HAVE_UNISTD_H
| # include <unistd.h>
| #endif
| int
| main ()
| {
| if (sizeof ((off_t)))
| 	    return 0;
|   ;
|   return 0;
| }
configure:13843: result: yes
configure:13854: checking for pid_t
configure:13854: gcc -c -g -O2 -Wall -Wformat -Wformat-security -fstack-protector-all -fstack-protector -fPIE -D_FORTIFY_SOURCE=2  conftest.c >&5
configure:13854: $? = 0
configure:13854: gcc -c -g -O2 -Wall -Wformat -Wformat-security -fstack-protector-all -fstack-protector -fPIE -D_FORTIFY_SOURCE=2  conftest.c >&5
conftest.c: In function 'main':
conftest.c:89: error: expected expression before ')' token
configure:13854: $? = 1
configure: failed program was:
| /* confdefs.h */
| #define PACKAGE_NAME "fwknop"
| #define PACKAGE_TARNAME "fwknop"
| #define PACKAGE_VERSION "2.0.4"
| #define PACKAGE_STRING "fwknop 2.0.4"
| #define PACKAGE_BUGREPORT "dstuart@dstuart.org"
| #define PACKAGE_URL ""
| #define PACKAGE "fwknop"
| #define VERSION "2.0.4"
| #define STDC_HEADERS 1
| #define HAVE_SYS_TYPES_H 1
| #define HAVE_SYS_STAT_H 1
| #define HAVE_STDLIB_H 1
| #define HAVE_STRING_H 1
| #define HAVE_MEMORY_H 1
| #define HAVE_STRINGS_H 1
| #define HAVE_INTTYPES_H 1
| #define HAVE_STDINT_H 1
| #define HAVE_UNISTD_H 1
| #define __EXTENSIONS__ 1
| #define _ALL_SOURCE 1
| #define _GNU_SOURCE 1
| #define _POSIX_PTHREAD_SEMANTICS 1
| #define _TANDEM_SOURCE 1
| #define HAVE_DLFCN_H 1
| #define LT_OBJDIR ".libs/"
| #define STDC_HEADERS 1
| #define TIME_WITH_SYS_TIME 1
| #define HAVE_SYS_TYPES_H 1
| #define HAVE_NETINET_IN_H 1
| #define HAVE_ARPA_NAMESER_H 1
| #define HAVE_NETDB_H 1
| #define HAVE_RESOLV_H 1
| #define HAVE_ARPA_INET_H 1
| #define HAVE_CTYPE_H 1
| #define HAVE_ERRNO_H 1
| #define HAVE_LOCALE_H 1
| #define HAVE_NETDB_H 1
| #define HAVE_NET_ETHERNET_H 1
| #define HAVE_NETINET_IN_H 1
| #define HAVE_STDINT_H 1
| #define HAVE_STDLIB_H 1
| #define HAVE_STRING_H 1
| #define HAVE_STRINGS_H 1
| #define HAVE_SYS_SOCKET_H 1
| #define HAVE_SYS_STAT_H 1
| #define HAVE_SYS_TIME_H 1
| #define HAVE_SYS_WAIT_H 1
| #define HAVE_TERMIOS_H 1
| #define HAVE_TIME_H 1
| #define HAVE_UNISTD_H 1
| /* end confdefs.h.  */
| #include <stdio.h>
| #ifdef HAVE_SYS_TYPES_H
| # include <sys/types.h>
| #endif
| #ifdef HAVE_SYS_STAT_H
| # include <sys/stat.h>
| #endif
| #ifdef STDC_HEADERS
| # include <stdlib.h>
| # include <stddef.h>
| #else
| # ifdef HAVE_STDLIB_H
| #  include <stdlib.h>
| # endif
| #endif
| #ifdef HAVE_STRING_H
| # if !defined STDC_HEADERS && defined HAVE_MEMORY_H
| #  include <memory.h>
| # endif
| # include <string.h>
| #endif
| #ifdef HAVE_STRINGS_H
| # include <strings.h>
| #endif
| #ifdef HAVE_INTTYPES_H
| # include <inttypes.h>
| #endif
| #ifdef HAVE_STDINT_H
| # include <stdint.h>
| #endif
| #ifdef HAVE_UNISTD_H
| # include <unistd.h>
| #endif
| int
| main ()
| {
| if (sizeof ((pid_t)))
| 	    return 0;
|   ;
|   return 0;
| }
configure:13854: result: yes
configure:13865: checking for size_t
configure:13865: gcc -c -g -O2 -Wall -Wformat -Wformat-security -fstack-protector-all -fstack-protector -fPIE -D_FORTIFY_SOURCE=2  conftest.c >&5
configure:13865: $? = 0
configure:13865: gcc -c -g -O2 -Wall -Wformat -Wformat-security -fstack-protector-all -fstack-protector -fPIE -D_FORTIFY_SOURCE=2  conftest.c >&5
conftest.c: In function 'main':
conftest.c:89: error: expected expression before ')' token
configure:13865: $? = 1
configure: failed program was:
| /* confdefs.h */
| #define PACKAGE_NAME "fwknop"
| #define PACKAGE_TARNAME "fwknop"
| #define PACKAGE_VERSION "2.0.4"
| #define PACKAGE_STRING "fwknop 2.0.4"
| #define PACKAGE_BUGREPORT "dstuart@dstuart.org"
| #define PACKAGE_URL ""
| #define PACKAGE "fwknop"
| #define VERSION "2.0.4"
| #define STDC_HEADERS 1
| #define HAVE_SYS_TYPES_H 1
| #define HAVE_SYS_STAT_H 1
| #define HAVE_STDLIB_H 1
| #define HAVE_STRING_H 1
| #define HAVE_MEMORY_H 1
| #define HAVE_STRINGS_H 1
| #define HAVE_INTTYPES_H 1
| #define HAVE_STDINT_H 1
| #define HAVE_UNISTD_H 1
| #define __EXTENSIONS__ 1
| #define _ALL_SOURCE 1
| #define _GNU_SOURCE 1
| #define _POSIX_PTHREAD_SEMANTICS 1
| #define _TANDEM_SOURCE 1
| #define HAVE_DLFCN_H 1
| #define LT_OBJDIR ".libs/"
| #define STDC_HEADERS 1
| #define TIME_WITH_SYS_TIME 1
| #define HAVE_SYS_TYPES_H 1
| #define HAVE_NETINET_IN_H 1
| #define HAVE_ARPA_NAMESER_H 1
| #define HAVE_NETDB_H 1
| #define HAVE_RESOLV_H 1
| #define HAVE_ARPA_INET_H 1
| #define HAVE_CTYPE_H 1
| #define HAVE_ERRNO_H 1
| #define HAVE_LOCALE_H 1
| #define HAVE_NETDB_H 1
| #define HAVE_NET_ETHERNET_H 1
| #define HAVE_NETINET_IN_H 1
| #define HAVE_STDINT_H 1
| #define HAVE_STDLIB_H 1
| #define HAVE_STRING_H 1
| #define HAVE_STRINGS_H 1
| #define HAVE_SYS_SOCKET_H 1
| #define HAVE_SYS_STAT_H 1
| #define HAVE_SYS_TIME_H 1
| #define HAVE_SYS_WAIT_H 1
| #define HAVE_TERMIOS_H 1
| #define HAVE_TIME_H 1
| #define HAVE_UNISTD_H 1
| /* end confdefs.h.  */
| #include <stdio.h>
| #ifdef HAVE_SYS_TYPES_H
| # include <sys/types.h>
| #endif
| #ifdef HAVE_SYS_STAT_H
| # include <sys/stat.h>
| #endif
| #ifdef STDC_HEADERS
| # include <stdlib.h>
| # include <stddef.h>
| #else
| # ifdef HAVE_STDLIB_H
| #  include <stdlib.h>
| # endif
| #endif
| #ifdef HAVE_STRING_H
| # if !defined STDC_HEADERS && defined HAVE_MEMORY_H
| #  include <memory.h>
| # endif
| # include <string.h>
| #endif
| #ifdef HAVE_STRINGS_H
| # include <strings.h>
| #endif
| #ifdef HAVE_INTTYPES_H
| # include <inttypes.h>
| #endif
| #ifdef HAVE_STDINT_H
| # include <stdint.h>
| #endif
| #ifdef HAVE_UNISTD_H
| # include <unistd.h>
| #endif
| int
| main ()
| {
| if (sizeof ((size_t)))
| 	    return 0;
|   ;
|   return 0;
| }
configure:13865: result: yes
configure:13876: checking for ssize_t
configure:13876: gcc -c -g -O2 -Wall -Wformat -Wformat-security -fstack-protector-all -fstack-protector -fPIE -D_FORTIFY_SOURCE=2  conftest.c >&5
configure:13876: $? = 0
configure:13876: gcc -c -g -O2 -Wall -Wformat -Wformat-security -fstack-protector-all -fstack-protector -fPIE -D_FORTIFY_SOURCE=2  conftest.c >&5
conftest.c: In function 'main':
conftest.c:89: error: expected expression before ')' token
configure:13876: $? = 1
configure: failed program was:
| /* confdefs.h */
| #define PACKAGE_NAME "fwknop"
| #define PACKAGE_TARNAME "fwknop"
| #define PACKAGE_VERSION "2.0.4"
| #define PACKAGE_STRING "fwknop 2.0.4"
| #define PACKAGE_BUGREPORT "dstuart@dstuart.org"
| #define PACKAGE_URL ""
| #define PACKAGE "fwknop"
| #define VERSION "2.0.4"
| #define STDC_HEADERS 1
| #define HAVE_SYS_TYPES_H 1
| #define HAVE_SYS_STAT_H 1
| #define HAVE_STDLIB_H 1
| #define HAVE_STRING_H 1
| #define HAVE_MEMORY_H 1
| #define HAVE_STRINGS_H 1
| #define HAVE_INTTYPES_H 1
| #define HAVE_STDINT_H 1
| #define HAVE_UNISTD_H 1
| #define __EXTENSIONS__ 1
| #define _ALL_SOURCE 1
| #define _GNU_SOURCE 1
| #define _POSIX_PTHREAD_SEMANTICS 1
| #define _TANDEM_SOURCE 1
| #define HAVE_DLFCN_H 1
| #define LT_OBJDIR ".libs/"
| #define STDC_HEADERS 1
| #define TIME_WITH_SYS_TIME 1
| #define HAVE_SYS_TYPES_H 1
| #define HAVE_NETINET_IN_H 1
| #define HAVE_ARPA_NAMESER_H 1
| #define HAVE_NETDB_H 1
| #define HAVE_RESOLV_H 1
| #define HAVE_ARPA_INET_H 1
| #define HAVE_CTYPE_H 1
| #define HAVE_ERRNO_H 1
| #define HAVE_LOCALE_H 1
| #define HAVE_NETDB_H 1
| #define HAVE_NET_ETHERNET_H 1
| #define HAVE_NETINET_IN_H 1
| #define HAVE_STDINT_H 1
| #define HAVE_STDLIB_H 1
| #define HAVE_STRING_H 1
| #define HAVE_STRINGS_H 1
| #define HAVE_SYS_SOCKET_H 1
| #define HAVE_SYS_STAT_H 1
| #define HAVE_SYS_TIME_H 1
| #define HAVE_SYS_WAIT_H 1
| #define HAVE_TERMIOS_H 1
| #define HAVE_TIME_H 1
| #define HAVE_UNISTD_H 1
| /* end confdefs.h.  */
| #include <stdio.h>
| #ifdef HAVE_SYS_TYPES_H
| # include <sys/types.h>
| #endif
| #ifdef HAVE_SYS_STAT_H
| # include <sys/stat.h>
| #endif
| #ifdef STDC_HEADERS
| # include <stdlib.h>
| # include <stddef.h>
| #else
| # ifdef HAVE_STDLIB_H
| #  include <stdlib.h>
| # endif
| #endif
| #ifdef HAVE_STRING_H
| # if !defined STDC_HEADERS && defined HAVE_MEMORY_H
| #  include <memory.h>
| # endif
| # include <string.h>
| #endif
| #ifdef HAVE_STRINGS_H
| # include <strings.h>
| #endif
| #ifdef HAVE_INTTYPES_H
| # include <inttypes.h>
| #endif
| #ifdef HAVE_STDINT_H
| # include <stdint.h>
| #endif
| #ifdef HAVE_UNISTD_H
| # include <unistd.h>
| #endif
| int
| main ()
| {
| if (sizeof ((ssize_t)))
| 	    return 0;
|   ;
|   return 0;
| }
configure:13876: result: yes
configure:13892: checking size of unsigned int
configure:13897: gcc -o conftest -g -O2 -Wall -Wformat -Wformat-security -fstack-protector-all -fstack-protector -fPIE -D_FORTIFY_SOURCE=2   -Wall -Wformat -Wformat-security -fstack-protector-all -fstack-protector -fPIE -pie -D_FORTIFY_SOURCE=2 conftest.c  >&5
configure:13897: $? = 0
configure:13897: ./conftest
configure:13897: $? = 0
configure:13911: result: 4
configure:13922: checking whether byte ordering is bigendian
configure:13937: gcc -c -g -O2 -Wall -Wformat -Wformat-security -fstack-protector-all -fstack-protector -fPIE -D_FORTIFY_SOURCE=2  conftest.c >&5
configure:13937: $? = 0
configure:13982: gcc -c -g -O2 -Wall -Wformat -Wformat-security -fstack-protector-all -fstack-protector -fPIE -D_FORTIFY_SOURCE=2  conftest.c >&5
configure:13982: $? = 0
configure:14000: gcc -c -g -O2 -Wall -Wformat -Wformat-security -fstack-protector-all -fstack-protector -fPIE -D_FORTIFY_SOURCE=2  conftest.c >&5
conftest.c: In function 'main':
conftest.c:61: error: 'not' undeclared (first use in this function)
conftest.c:61: error: (Each undeclared identifier is reported only once
conftest.c:61: error: for each function it appears in.)
conftest.c:61: error: expected ';' before 'big'
configure:14000: $? = 1
configure: failed program was:
| /* confdefs.h */
| #define PACKAGE_NAME "fwknop"
| #define PACKAGE_TARNAME "fwknop"
| #define PACKAGE_VERSION "2.0.4"
| #define PACKAGE_STRING "fwknop 2.0.4"
| #define PACKAGE_BUGREPORT "dstuart@dstuart.org"
| #define PACKAGE_URL ""
| #define PACKAGE "fwknop"
| #define VERSION "2.0.4"
| #define STDC_HEADERS 1
| #define HAVE_SYS_TYPES_H 1
| #define HAVE_SYS_STAT_H 1
| #define HAVE_STDLIB_H 1
| #define HAVE_STRING_H 1
| #define HAVE_MEMORY_H 1
| #define HAVE_STRINGS_H 1
| #define HAVE_INTTYPES_H 1
| #define HAVE_STDINT_H 1
| #define HAVE_UNISTD_H 1
| #define __EXTENSIONS__ 1
| #define _ALL_SOURCE 1
| #define _GNU_SOURCE 1
| #define _POSIX_PTHREAD_SEMANTICS 1
| #define _TANDEM_SOURCE 1
| #define HAVE_DLFCN_H 1
| #define LT_OBJDIR ".libs/"
| #define STDC_HEADERS 1
| #define TIME_WITH_SYS_TIME 1
| #define HAVE_SYS_TYPES_H 1
| #define HAVE_NETINET_IN_H 1
| #define HAVE_ARPA_NAMESER_H 1
| #define HAVE_NETDB_H 1
| #define HAVE_RESOLV_H 1
| #define HAVE_ARPA_INET_H 1
| #define HAVE_CTYPE_H 1
| #define HAVE_ERRNO_H 1
| #define HAVE_LOCALE_H 1
| #define HAVE_NETDB_H 1
| #define HAVE_NET_ETHERNET_H 1
| #define HAVE_NETINET_IN_H 1
| #define HAVE_STDINT_H 1
| #define HAVE_STDLIB_H 1
| #define HAVE_STRING_H 1
| #define HAVE_STRINGS_H 1
| #define HAVE_SYS_SOCKET_H 1
| #define HAVE_SYS_STAT_H 1
| #define HAVE_SYS_TIME_H 1
| #define HAVE_SYS_WAIT_H 1
| #define HAVE_TERMIOS_H 1
| #define HAVE_TIME_H 1
| #define HAVE_UNISTD_H 1
| #define SIZEOF_UNSIGNED_INT 4
| /* end confdefs.h.  */
| #include <sys/types.h>
| 		#include <sys/param.h>
| 
| int
| main ()
| {
| #if BYTE_ORDER != BIG_ENDIAN
| 		 not big endian
| 		#endif
| 
|   ;
|   return 0;
| }
configure:14128: result: no
configure:14154: checking for special C compiler options needed for large files
configure:14199: result: no
configure:14205: checking for _FILE_OFFSET_BITS value needed for large files
configure:14230: gcc -c -g -O2 -Wall -Wformat -Wformat-security -fstack-protector-all -fstack-protector -fPIE -D_FORTIFY_SOURCE=2  conftest.c >&5
configure:14230: $? = 0
configure:14262: result: no
configure:14352: checking for stdlib.h
configure:14352: result: yes
configure:14362: checking for GNU libc compatible malloc
configure:14386: gcc -o conftest -g -O2 -Wall -Wformat -Wformat-security -fstack-protector-all -fstack-protector -fPIE -D_FORTIFY_SOURCE=2   -Wall -Wformat -Wformat-security -fstack-protector-all -fstack-protector -fPIE -pie -D_FORTIFY_SOURCE=2 conftest.c  >&5
configure:14386: $? = 0
configure:14386: ./conftest
configure:14386: $? = 0
configure:14396: result: yes
configure:14419: checking for stdlib.h
configure:14419: result: yes
configure:14429: checking for GNU libc compatible realloc
configure:14453: gcc -o conftest -g -O2 -Wall -Wformat -Wformat-security -fstack-protector-all -fstack-protector -fPIE -D_FORTIFY_SOURCE=2   -Wall -Wformat -Wformat-security -fstack-protector-all -fstack-protector -fPIE -pie -D_FORTIFY_SOURCE=2 conftest.c  >&5
configure:14453: $? = 0
configure:14453: ./conftest
configure:14453: $? = 0
configure:14463: result: yes
configure:14484: checking whether lstat correctly handles trailing slash
configure:14510: gcc -o conftest -g -O2 -Wall -Wformat -Wformat-security -fstack-protector-all -fstack-protector -fPIE -D_FORTIFY_SOURCE=2   -Wall -Wformat -Wformat-security -fstack-protector-all -fstack-protector -fPIE -pie -D_FORTIFY_SOURCE=2 conftest.c  >&5
configure:14510: $? = 0
configure:14510: ./conftest
configure:14510: $? = 1
configure: program exited with status 1
configure: failed program was:
| /* confdefs.h */
| #define PACKAGE_NAME "fwknop"
| #define PACKAGE_TARNAME "fwknop"
| #define PACKAGE_VERSION "2.0.4"
| #define PACKAGE_STRING "fwknop 2.0.4"
| #define PACKAGE_BUGREPORT "dstuart@dstuart.org"
| #define PACKAGE_URL ""
| #define PACKAGE "fwknop"
| #define VERSION "2.0.4"
| #define STDC_HEADERS 1
| #define HAVE_SYS_TYPES_H 1
| #define HAVE_SYS_STAT_H 1
| #define HAVE_STDLIB_H 1
| #define HAVE_STRING_H 1
| #define HAVE_MEMORY_H 1
| #define HAVE_STRINGS_H 1
| #define HAVE_INTTYPES_H 1
| #define HAVE_STDINT_H 1
| #define HAVE_UNISTD_H 1
| #define __EXTENSIONS__ 1
| #define _ALL_SOURCE 1
| #define _GNU_SOURCE 1
| #define _POSIX_PTHREAD_SEMANTICS 1
| #define _TANDEM_SOURCE 1
| #define HAVE_DLFCN_H 1
| #define LT_OBJDIR ".libs/"
| #define STDC_HEADERS 1
| #define TIME_WITH_SYS_TIME 1
| #define HAVE_SYS_TYPES_H 1
| #define HAVE_NETINET_IN_H 1
| #define HAVE_ARPA_NAMESER_H 1
| #define HAVE_NETDB_H 1
| #define HAVE_RESOLV_H 1
| #define HAVE_ARPA_INET_H 1
| #define HAVE_CTYPE_H 1
| #define HAVE_ERRNO_H 1
| #define HAVE_LOCALE_H 1
| #define HAVE_NETDB_H 1
| #define HAVE_NET_ETHERNET_H 1
| #define HAVE_NETINET_IN_H 1
| #define HAVE_STDINT_H 1
| #define HAVE_STDLIB_H 1
| #define HAVE_STRING_H 1
| #define HAVE_STRINGS_H 1
| #define HAVE_SYS_SOCKET_H 1
| #define HAVE_SYS_STAT_H 1
| #define HAVE_SYS_TIME_H 1
| #define HAVE_SYS_WAIT_H 1
| #define HAVE_TERMIOS_H 1
| #define HAVE_TIME_H 1
| #define HAVE_UNISTD_H 1
| #define SIZEOF_UNSIGNED_INT 4
| #define HAVE_STDLIB_H 1
| #define HAVE_MALLOC 1
| #define HAVE_STDLIB_H 1
| #define HAVE_REALLOC 1
| /* end confdefs.h.  */
| #include <stdio.h>
| #ifdef HAVE_SYS_TYPES_H
| # include <sys/types.h>
| #endif
| #ifdef HAVE_SYS_STAT_H
| # include <sys/stat.h>
| #endif
| #ifdef STDC_HEADERS
| # include <stdlib.h>
| # include <stddef.h>
| #else
| # ifdef HAVE_STDLIB_H
| #  include <stdlib.h>
| # endif
| #endif
| #ifdef HAVE_STRING_H
| # if !defined STDC_HEADERS && defined HAVE_MEMORY_H
| #  include <memory.h>
| # endif
| # include <string.h>
| #endif
| #ifdef HAVE_STRINGS_H
| # include <strings.h>
| #endif
| #ifdef HAVE_INTTYPES_H
| # include <inttypes.h>
| #endif
| #ifdef HAVE_STDINT_H
| # include <stdint.h>
| #endif
| #ifdef HAVE_UNISTD_H
| # include <unistd.h>
| #endif
| int
| main ()
| {
| struct stat sbuf;
|      /* Linux will dereference the symlink and fail, as required by POSIX.
| 	That is better in the sense that it means we will not
| 	have to compile and use the lstat wrapper.  */
|      return lstat ("conftest.sym/", &sbuf) == 0;
|   ;
|   return 0;
| }
configure:14527: result: no
configure:14546: checking whether stat accepts an empty string
configure:14566: gcc -o conftest -g -O2 -Wall -Wformat -Wformat-security -fstack-protector-all -fstack-protector -fPIE -D_FORTIFY_SOURCE=2   -Wall -Wformat -Wformat-security -fstack-protector-all -fstack-protector -fPIE -pie -D_FORTIFY_SOURCE=2 conftest.c  >&5
configure:14566: $? = 0
configure:14566: ./conftest
configure:14566: $? = 0
configure:14576: result: no
configure:14596: checking for bzero
configure:14596: gcc -o conftest -g -O2 -Wall -Wformat -Wformat-security -fstack-protector-all -fstack-protector -fPIE -D_FORTIFY_SOURCE=2   -Wall -Wformat -Wformat-security -fstack-protector-all -fstack-protector -fPIE -pie -D_FORTIFY_SOURCE=2 conftest.c  >&5
conftest.c:81: warning: conflicting types for built-in function 'bzero'
configure:14596: $? = 0
configure:14596: result: yes
configure:14596: checking for gettimeofday
configure:14596: gcc -o conftest -g -O2 -Wall -Wformat -Wformat-security -fstack-protector-all -fstack-protector -fPIE -D_FORTIFY_SOURCE=2   -Wall -Wformat -Wformat-security -fstack-protector-all -fstack-protector -fPIE -pie -D_FORTIFY_SOURCE=2 conftest.c  >&5
configure:14596: $? = 0
configure:14596: result: yes
configure:14596: checking for memmove
configure:14596: gcc -o conftest -g -O2 -Wall -Wformat -Wformat-security -fstack-protector-all -fstack-protector -fPIE -D_FORTIFY_SOURCE=2   -Wall -Wformat -Wformat-security -fstack-protector-all -fstack-protector -fPIE -pie -D_FORTIFY_SOURCE=2 conftest.c  >&5
conftest.c:83: warning: conflicting types for built-in function 'memmove'
configure:14596: $? = 0
configure:14596: result: yes
configure:14596: checking for memset
configure:14596: gcc -o conftest -g -O2 -Wall -Wformat -Wformat-security -fstack-protector-all -fstack-protector -fPIE -D_FORTIFY_SOURCE=2   -Wall -Wformat -Wformat-security -fstack-protector-all -fstack-protector -fPIE -pie -D_FORTIFY_SOURCE=2 conftest.c  >&5
conftest.c:84: warning: conflicting types for built-in function 'memset'
configure:14596: $? = 0
configure:14596: result: yes
configure:14596: checking for socket
configure:14596: gcc -o conftest -g -O2 -Wall -Wformat -Wformat-security -fstack-protector-all -fstack-protector -fPIE -D_FORTIFY_SOURCE=2   -Wall -Wformat -Wformat-security -fstack-protector-all -fstack-protector -fPIE -pie -D_FORTIFY_SOURCE=2 conftest.c  >&5
configure:14596: $? = 0
configure:14596: result: yes
configure:14596: checking for strchr
configure:14596: gcc -o conftest -g -O2 -Wall -Wformat -Wformat-security -fstack-protector-all -fstack-protector -fPIE -D_FORTIFY_SOURCE=2   -Wall -Wformat -Wformat-security -fstack-protector-all -fstack-protector -fPIE -pie -D_FORTIFY_SOURCE=2 conftest.c  >&5
conftest.c:86: warning: conflicting types for built-in function 'strchr'
configure:14596: $? = 0
configure:14596: result: yes
configure:14596: checking for strcspn
configure:14596: gcc -o conftest -g -O2 -Wall -Wformat -Wformat-security -fstack-protector-all -fstack-protector -fPIE -D_FORTIFY_SOURCE=2   -Wall -Wformat -Wformat-security -fstack-protector-all -fstack-protector -fPIE -pie -D_FORTIFY_SOURCE=2 conftest.c  >&5
conftest.c:87: warning: conflicting types for built-in function 'strcspn'
configure:14596: $? = 0
configure:14596: result: yes
configure:14596: checking for strdup
configure:14596: gcc -o conftest -g -O2 -Wall -Wformat -Wformat-security -fstack-protector-all -fstack-protector -fPIE -D_FORTIFY_SOURCE=2   -Wall -Wformat -Wformat-security -fstack-protector-all -fstack-protector -fPIE -pie -D_FORTIFY_SOURCE=2 conftest.c  >&5
conftest.c:88: warning: conflicting types for built-in function 'strdup'
configure:14596: $? = 0
configure:14596: result: yes
configure:14596: checking for strncasecmp
configure:14596: gcc -o conftest -g -O2 -Wall -Wformat -Wformat-security -fstack-protector-all -fstack-protector -fPIE -D_FORTIFY_SOURCE=2   -Wall -Wformat -Wformat-security -fstack-protector-all -fstack-protector -fPIE -pie -D_FORTIFY_SOURCE=2 conftest.c  >&5
conftest.c:89: warning: conflicting types for built-in function 'strncasecmp'
configure:14596: $? = 0
configure:14596: result: yes
configure:14596: checking for strndup
configure:14596: gcc -o conftest -g -O2 -Wall -Wformat -Wformat-security -fstack-protector-all -fstack-protector -fPIE -D_FORTIFY_SOURCE=2   -Wall -Wformat -Wformat-security -fstack-protector-all -fstack-protector -fPIE -pie -D_FORTIFY_SOURCE=2 conftest.c  >&5
conftest.c:90: warning: conflicting types for built-in function 'strndup'
configure:14596: $? = 0
configure:14596: result: yes
configure:14596: checking for strrchr
configure:14596: gcc -o conftest -g -O2 -Wall -Wformat -Wformat-security -fstack-protector-all -fstack-protector -fPIE -D_FORTIFY_SOURCE=2   -Wall -Wformat -Wformat-security -fstack-protector-all -fstack-protector -fPIE -pie -D_FORTIFY_SOURCE=2 conftest.c  >&5
conftest.c:91: warning: conflicting types for built-in function 'strrchr'
configure:14596: $? = 0
configure:14596: result: yes
configure:14596: checking for strspn
configure:14596: gcc -o conftest -g -O2 -Wall -Wformat -Wformat-security -fstack-protector-all -fstack-protector -fPIE -D_FORTIFY_SOURCE=2   -Wall -Wformat -Wformat-security -fstack-protector-all -fstack-protector -fPIE -pie -D_FORTIFY_SOURCE=2 conftest.c  >&5
conftest.c:92: warning: conflicting types for built-in function 'strspn'
configure:14596: $? = 0
configure:14596: result: yes
configure:14596: checking for strnlen
configure:14596: gcc -o conftest -g -O2 -Wall -Wformat -Wformat-security -fstack-protector-all -fstack-protector -fPIE -D_FORTIFY_SOURCE=2   -Wall -Wformat -Wformat-security -fstack-protector-all -fstack-protector -fPIE -pie -D_FORTIFY_SOURCE=2 conftest.c  >&5
configure:14596: $? = 0
configure:14596: result: yes
configure:14596: checking for stat
configure:14596: gcc -o conftest -g -O2 -Wall -Wformat -Wformat-security -fstack-protector-all -fstack-protector -fPIE -D_FORTIFY_SOURCE=2   -Wall -Wformat -Wformat-security -fstack-protector-all -fstack-protector -fPIE -pie -D_FORTIFY_SOURCE=2 conftest.c  >&5
configure:14596: $? = 0
configure:14596: result: yes
configure:14596: checking for chmod
configure:14596: gcc -o conftest -g -O2 -Wall -Wformat -Wformat-security -fstack-protector-all -fstack-protector -fPIE -D_FORTIFY_SOURCE=2   -Wall -Wformat -Wformat-security -fstack-protector-all -fstack-protector -fPIE -pie -D_FORTIFY_SOURCE=2 conftest.c  >&5
configure:14596: $? = 0
configure:14596: result: yes
configure:14596: checking for chown
configure:14596: gcc -o conftest -g -O2 -Wall -Wformat -Wformat-security -fstack-protector-all -fstack-protector -fPIE -D_FORTIFY_SOURCE=2   -Wall -Wformat -Wformat-security -fstack-protector-all -fstack-protector -fPIE -pie -D_FORTIFY_SOURCE=2 conftest.c  >&5
configure:14596: $? = 0
configure:14596: result: yes
configure:14606: checking for library containing socket
configure:14637: gcc -o conftest -g -O2 -Wall -Wformat -Wformat-security -fstack-protector-all -fstack-protector -fPIE -D_FORTIFY_SOURCE=2   -Wall -Wformat -Wformat-security -fstack-protector-all -fstack-protector -fPIE -pie -D_FORTIFY_SOURCE=2 conftest.c  >&5
configure:14637: $? = 0
configure:14654: result: none required
configure:14662: checking for library containing inet_addr
configure:14693: gcc -o conftest -g -O2 -Wall -Wformat -Wformat-security -fstack-protector-all -fstack-protector -fPIE -D_FORTIFY_SOURCE=2   -Wall -Wformat -Wformat-security -fstack-protector-all -fstack-protector -fPIE -pie -D_FORTIFY_SOURCE=2 conftest.c  >&5
configure:14693: $? = 0
configure:14710: result: none required
configure:14818: checking for gpgme-config
configure:14836: found /opt/local/bin/gpgme-config
configure:14849: result: /opt/local/bin/gpgme-config
configure:14878: checking for GPGME - version >= 0.4.2
configure:14919: result: yes
configure:14961: checking for gpg
configure:14979: found /opt/local/bin/gpg
configure:14991: result: /opt/local/bin/gpg
configure:15039: checking for pcap_open_live in -lpcap
configure:15064: gcc -o conftest -g -O2 -Wall -Wformat -Wformat-security -fstack-protector-all -fstack-protector -fPIE -D_FORTIFY_SOURCE=2   -Wall -Wformat -Wformat-security -fstack-protector-all -fstack-protector -fPIE -pie -D_FORTIFY_SOURCE=2 conftest.c -lpcap   >&5
configure:15064: $? = 0
configure:15073: result: yes
configure:15260: checking for iptables
configure:15293: result: no
configure:15323: checking for ipfw
configure:15341: found /sbin/ipfw
configure:15353: result: /sbin/ipfw
configure:15386: checking for pfctl
configure:15404: found /sbin/pfctl
configure:15416: result: /sbin/pfctl
configure:15449: checking for ipf
configure:15482: result: no
configure:15695: checking that generated files are newer than configure
configure:15701: result: done
configure:15753: creating ./config.status

## ---------------------- ##
## Running config.status. ##
## ---------------------- ##

This file was extended by fwknop config.status 2.0.4, which was
generated by GNU Autoconf 2.69.  Invocation command line was

  CONFIG_FILES    = 
  CONFIG_HEADERS  = 
  CONFIG_LINKS    = 
  CONFIG_COMMANDS = 
  $ ./config.status 

on Damiens-MacBook-Pro.local

config.status:1155: creating Makefile
config.status:1155: creating lib/Makefile
config.status:1155: creating client/Makefile
config.status:1155: creating server/Makefile
config.status:1155: creating common/Makefile
config.status:1155: creating doc/Makefile
config.status:1155: creating config.h
config.status:1336: config.h is unchanged
config.status:1384: executing depfiles commands
config.status:1384: executing libtool commands

## ---------------- ##
## Cache variables. ##
## ---------------- ##

ac_cv_build=x86_64-apple-darwin12.2.1
ac_cv_c_bigendian=no
ac_cv_c_compiler_gnu=yes
ac_cv_c_const=yes
ac_cv_c_int16_t=yes
ac_cv_c_int32_t=yes
ac_cv_c_int64_t=yes
ac_cv_c_int8_t=yes
ac_cv_c_uint16_t=yes
ac_cv_c_uint32_t=yes
ac_cv_c_uint64_t=yes
ac_cv_c_uint8_t=yes
ac_cv_env_CC_set=
ac_cv_env_CC_value=
ac_cv_env_CFLAGS_set=
ac_cv_env_CFLAGS_value=
ac_cv_env_CPPFLAGS_set=
ac_cv_env_CPPFLAGS_value=
ac_cv_env_CPP_set=
ac_cv_env_CPP_value=
ac_cv_env_LDFLAGS_set=
ac_cv_env_LDFLAGS_value=
ac_cv_env_LIBS_set=
ac_cv_env_LIBS_value=
ac_cv_env_build_alias_set=
ac_cv_env_build_alias_value=
ac_cv_env_host_alias_set=
ac_cv_env_host_alias_value=
ac_cv_env_target_alias_set=
ac_cv_env_target_alias_value=
ac_cv_func_bzero=yes
ac_cv_func_chmod=yes
ac_cv_func_chown=yes
ac_cv_func_gettimeofday=yes
ac_cv_func_lstat_dereferences_slashed_symlink=no
ac_cv_func_malloc_0_nonnull=yes
ac_cv_func_memmove=yes
ac_cv_func_memset=yes
ac_cv_func_realloc_0_nonnull=yes
ac_cv_func_socket=yes
ac_cv_func_stat=yes
ac_cv_func_stat_empty_string_bug=no
ac_cv_func_strchr=yes
ac_cv_func_strcspn=yes
ac_cv_func_strdup=yes
ac_cv_func_strncasecmp=yes
ac_cv_func_strndup=yes
ac_cv_func_strnlen=yes
ac_cv_func_strrchr=yes
ac_cv_func_strspn=yes
ac_cv_header_arpa_inet_h=yes
ac_cv_header_arpa_nameser_h=yes
ac_cv_header_ctype_h=yes
ac_cv_header_dlfcn_h=yes
ac_cv_header_endian_h=no
ac_cv_header_errno_h=yes
ac_cv_header_inttypes_h=yes
ac_cv_header_locale_h=yes
ac_cv_header_memory_h=yes
ac_cv_header_minix_config_h=no
ac_cv_header_net_ethernet_h=yes
ac_cv_header_netdb_h=yes
ac_cv_header_netinet_in_h=yes
ac_cv_header_resolv_h=yes
ac_cv_header_stdc=yes
ac_cv_header_stdint_h=yes
ac_cv_header_stdlib_h=yes
ac_cv_header_string_h=yes
ac_cv_header_strings_h=yes
ac_cv_header_sys_byteorder_h=no
ac_cv_header_sys_endian_h=no
ac_cv_header_sys_ethernet_h=no
ac_cv_header_sys_socket_h=yes
ac_cv_header_sys_stat_h=yes
ac_cv_header_sys_time_h=yes
ac_cv_header_sys_types_h=yes
ac_cv_header_sys_wait_h=yes
ac_cv_header_termios_h=yes
ac_cv_header_time=yes
ac_cv_header_time_h=yes
ac_cv_header_unistd_h=yes
ac_cv_host=x86_64-apple-darwin12.2.1
ac_cv_lib_pcap_pcap_open_live=yes
ac_cv_objext=o
ac_cv_path_EGREP='/usr/bin/grep -E'
ac_cv_path_FGREP='/usr/bin/grep -F'
ac_cv_path_GPGME_CONFIG=/opt/local/bin/gpgme-config
ac_cv_path_GPG_EXE=/opt/local/bin/gpg
ac_cv_path_GREP=/usr/bin/grep
ac_cv_path_IPFW_EXE=/sbin/ipfw
ac_cv_path_PF_EXE=/sbin/pfctl
ac_cv_path_SED=/opt/local/bin/gsed
ac_cv_path_install='/opt/local/bin/ginstall -c'
ac_cv_path_mkdir=/opt/local/bin/gmkdir
ac_cv_prog_AWK=gawk
ac_cv_prog_CPP='gcc -E'
ac_cv_prog_ac_ct_AR=ar
ac_cv_prog_ac_ct_CC=gcc
ac_cv_prog_ac_ct_DSYMUTIL=dsymutil
ac_cv_prog_ac_ct_LIPO=lipo
ac_cv_prog_ac_ct_NMEDIT=nmedit
ac_cv_prog_ac_ct_OTOOL=otool
ac_cv_prog_ac_ct_RANLIB=ranlib
ac_cv_prog_ac_ct_STRIP=strip
ac_cv_prog_cc_c89=
ac_cv_prog_cc_g=yes
ac_cv_prog_cc_gcc_c_o=yes
ac_cv_prog_make_make_set=yes
ac_cv_safe_to_define___extensions__=yes
ac_cv_search_inet_addr='none required'
ac_cv_search_socket='none required'
ac_cv_sizeof_unsigned_int=4
ac_cv_sys_file_offset_bits=no
ac_cv_sys_largefile_CC=no
ac_cv_target=x86_64-apple-darwin12.2.1
ac_cv_type_off_t=yes
ac_cv_type_pid_t=yes
ac_cv_type_size_t=yes
ac_cv_type_ssize_t=yes
am_cv_CC_dependencies_compiler_type=gcc3
am_cv_prog_tar_ustar=gnutar
lt_cv_apple_cc_single_mod=yes
lt_cv_ar_at_file=no
lt_cv_deplibs_check_method=pass_all
lt_cv_file_magic_cmd='$MAGIC_CMD'
lt_cv_file_magic_test_file=
lt_cv_ld_exported_symbols_list=yes
lt_cv_ld_force_load=yes
lt_cv_ld_reload_flag=-r
lt_cv_nm_interface='BSD nm'
lt_cv_objdir=.libs
lt_cv_path_LD=/usr/llvm-gcc-4.2/libexec/gcc/i686-apple-darwin11/4.2.1/ld
lt_cv_path_NM=/usr/bin/nm
lt_cv_path_mainfest_tool=no
lt_cv_prog_compiler_c_o=yes
lt_cv_prog_compiler_pic='-fno-common -DPIC'
lt_cv_prog_compiler_pic_works=yes
lt_cv_prog_compiler_rtti_exceptions=no
lt_cv_prog_compiler_static_works=no
lt_cv_prog_gnu_ld=no
lt_cv_sharedlib_from_linklib_cmd='printf %s\n'
lt_cv_sys_global_symbol_pipe='sed -n -e '\''s/^.*[	 ]\([BCDEGRST][BCDEGRST]*\)[	 ][	 ]*_\([_A-Za-z][_A-Za-z0-9]*\)$/\1 _\2 \2/p'\'' | sed '\''/ __gnu_lto/d'\'''
lt_cv_sys_global_symbol_to_c_name_address='sed -n -e '\''s/^: \([^ ]*\)[ ]*$/  {\"\1\", (void *) 0},/p'\'' -e '\''s/^[BCDEGRST]* \([^ ]*\) \([^ ]*\)$/  {"\2", (void *) \&\2},/p'\'''
lt_cv_sys_global_symbol_to_c_name_address_lib_prefix='sed -n -e '\''s/^: \([^ ]*\)[ ]*$/  {\"\1\", (void *) 0},/p'\'' -e '\''s/^[BCDEGRST]* \([^ ]*\) \(lib[^ ]*\)$/  {"\2", (void *) \&\2},/p'\'' -e '\''s/^[BCDEGRST]* \([^ ]*\) \([^ ]*\)$/  {"lib\2", (void *) \&\2},/p'\'''
lt_cv_sys_global_symbol_to_cdecl='sed -n -e '\''s/^T .* \(.*\)$/extern int \1();/p'\'' -e '\''s/^[BCDEGRST]* .* \(.*\)$/extern char \1;/p'\'''
lt_cv_sys_max_cmd_len=196608
lt_cv_to_host_file_cmd=func_convert_file_noop
lt_cv_to_tool_file_cmd=func_convert_file_noop

## ----------------- ##
## Output variables. ##
## ----------------- ##

ACLOCAL='${SHELL} /Users/dstuart/projects/miranda/fwknop/config/missing --run aclocal-1.12'
AMDEPBACKSLASH='\'
AMDEP_FALSE='#'
AMDEP_TRUE=''
AMTAR='$${TAR-tar}'
AR='ar'
AUTOCONF='${SHELL} /Users/dstuart/projects/miranda/fwknop/config/missing --run autoconf'
AUTOHEADER='${SHELL} /Users/dstuart/projects/miranda/fwknop/config/missing --run autoheader'
AUTOMAKE='${SHELL} /Users/dstuart/projects/miranda/fwknop/config/missing --run automake-1.12'
AWK='gawk'
CC='gcc'
CCDEPMODE='depmode=gcc3'
CFLAGS='-g -O2 -Wall -Wformat -Wformat-security -fstack-protector-all -fstack-protector -fPIE -D_FORTIFY_SOURCE=2'
CONFIG_FILE_CACHE_FALSE='#'
CONFIG_FILE_CACHE_TRUE=''
CPP='gcc -E'
CPPFLAGS=''
CYGPATH_W='echo'
DEFS='-DHAVE_CONFIG_H'
DEPDIR='.deps'
DLLTOOL='false'
DSYMUTIL='dsymutil'
DUMPBIN=''
ECHO_C='\c'
ECHO_N=''
ECHO_T=''
EGREP='/usr/bin/grep -E'
EXEEXT=''
FGREP='/usr/bin/grep -F'
GPGME_CFLAGS='-I/opt/local/include'
GPGME_CONFIG='/opt/local/bin/gpgme-config'
GPGME_LIBS='-L/opt/local/lib -lgpgme -lassuan -lgpg-error'
GPG_EXE='/opt/local/bin/gpg'
GREP='/usr/bin/grep'
INSTALL_DATA='${INSTALL} -m 644'
INSTALL_PROGRAM='${INSTALL}'
INSTALL_SCRIPT='${INSTALL}'
INSTALL_STRIP_PROGRAM='$(install_sh) -c -s'
IPFW_EXE='/sbin/ipfw'
IPF_EXE=''
IPTABLES_EXE=''
LD='/usr/llvm-gcc-4.2/libexec/gcc/i686-apple-darwin11/4.2.1/ld'
LDFLAGS=' -Wall -Wformat -Wformat-security -fstack-protector-all -fstack-protector -fPIE -pie -D_FORTIFY_SOURCE=2'
LIBOBJS=' ${LIBOBJDIR}lstat$U.o'
LIBS=''
LIBTOOL='$(SHELL) $(top_builddir)/libtool'
LIPO='lipo'
LN_S='ln -s'
LTLIBOBJS=' ${LIBOBJDIR}lstat$U.lo'
MAKEINFO='${SHELL} /Users/dstuart/projects/miranda/fwknop/config/missing --run makeinfo'
MANIFEST_TOOL=':'
MKDIR_P='/opt/local/bin/gmkdir -p'
NM='/usr/bin/nm'
NMEDIT='nmedit'
OBJDUMP='false'
OBJEXT='o'
OTOOL64=':'
OTOOL='otool'
PACKAGE='fwknop'
PACKAGE_BUGREPORT='dstuart@dstuart.org'
PACKAGE_NAME='fwknop'
PACKAGE_STRING='fwknop 2.0.4'
PACKAGE_TARNAME='fwknop'
PACKAGE_URL=''
PACKAGE_VERSION='2.0.4'
PATH_SEPARATOR=':'
PF_EXE='/sbin/pfctl'
RANLIB='ranlib'
SED='/opt/local/bin/gsed'
SET_MAKE=''
SHELL='/bin/sh'
STRIP='strip'
USE_NDBM_FALSE=''
USE_NDBM_TRUE='#'
VERSION='2.0.4'
WANT_CLIENT_FALSE='#'
WANT_CLIENT_TRUE=''
WANT_SERVER_FALSE='#'
WANT_SERVER_TRUE=''
ac_ct_AR='ar'
ac_ct_CC='gcc'
ac_ct_DUMPBIN=''
am__EXEEXT_FALSE=''
am__EXEEXT_TRUE='#'
am__fastdepCC_FALSE='#'
am__fastdepCC_TRUE=''
am__include='include'
am__isrc=''
am__leading_dot='.'
am__nodep='_no'
am__quote=''
am__tar='tar --format=ustar -chf - "$$tardir"'
am__untar='tar -xf -'
bindir='${exec_prefix}/bin'
build='x86_64-apple-darwin12.2.1'
build_alias=''
build_cpu='x86_64'
build_os='darwin12.2.1'
build_vendor='apple'
datadir='${datarootdir}'
datarootdir='${prefix}/share'
docdir='${datarootdir}/doc/${PACKAGE_TARNAME}'
dvidir='${docdir}'
exec_prefix='${prefix}'
host='x86_64-apple-darwin12.2.1'
host_alias=''
host_cpu='x86_64'
host_os='darwin12.2.1'
host_vendor='apple'
htmldir='${docdir}'
includedir='${prefix}/include'
infodir='${datarootdir}/info'
install_sh='${SHELL} /Users/dstuart/projects/miranda/fwknop/config/install-sh'
libdir='${exec_prefix}/lib'
libexecdir='${exec_prefix}/libexec'
localedir='${datarootdir}/locale'
localstatedir='${prefix}/var'
mandir='${datarootdir}/man'
mkdir_p='$(MKDIR_P)'
oldincludedir='/usr/include'
pdfdir='${docdir}'
prefix='/usr/local'
program_transform_name='s,x,x,'
psdir='${docdir}'
sbindir='${exec_prefix}/sbin'
sharedstatedir='${prefix}/com'
sysconfdir='${prefix}/etc'
target='x86_64-apple-darwin12.2.1'
target_alias=''
target_cpu='x86_64'
target_os='darwin12.2.1'
target_vendor='apple'

## ----------- ##
## confdefs.h. ##
## ----------- ##

/* confdefs.h */
#define PACKAGE_NAME "fwknop"
#define PACKAGE_TARNAME "fwknop"
#define PACKAGE_VERSION "2.0.4"
#define PACKAGE_STRING "fwknop 2.0.4"
#define PACKAGE_BUGREPORT "dstuart@dstuart.org"
#define PACKAGE_URL ""
#define PACKAGE "fwknop"
#define VERSION "2.0.4"
#define STDC_HEADERS 1
#define HAVE_SYS_TYPES_H 1
#define HAVE_SYS_STAT_H 1
#define HAVE_STDLIB_H 1
#define HAVE_STRING_H 1
#define HAVE_MEMORY_H 1
#define HAVE_STRINGS_H 1
#define HAVE_INTTYPES_H 1
#define HAVE_STDINT_H 1
#define HAVE_UNISTD_H 1
#define __EXTENSIONS__ 1
#define _ALL_SOURCE 1
#define _GNU_SOURCE 1
#define _POSIX_PTHREAD_SEMANTICS 1
#define _TANDEM_SOURCE 1
#define HAVE_DLFCN_H 1
#define LT_OBJDIR ".libs/"
#define STDC_HEADERS 1
#define TIME_WITH_SYS_TIME 1
#define HAVE_SYS_TYPES_H 1
#define HAVE_NETINET_IN_H 1
#define HAVE_ARPA_NAMESER_H 1
#define HAVE_NETDB_H 1
#define HAVE_RESOLV_H 1
#define HAVE_ARPA_INET_H 1
#define HAVE_CTYPE_H 1
#define HAVE_ERRNO_H 1
#define HAVE_LOCALE_H 1
#define HAVE_NETDB_H 1
#define HAVE_NET_ETHERNET_H 1
#define HAVE_NETINET_IN_H 1
#define HAVE_STDINT_H 1
#define HAVE_STDLIB_H 1
#define HAVE_STRING_H 1
#define HAVE_STRINGS_H 1
#define HAVE_SYS_SOCKET_H 1
#define HAVE_SYS_STAT_H 1
#define HAVE_SYS_TIME_H 1
#define HAVE_SYS_WAIT_H 1
#define HAVE_TERMIOS_H 1
#define HAVE_TIME_H 1
#define HAVE_UNISTD_H 1
#define SIZEOF_UNSIGNED_INT 4
#define HAVE_STDLIB_H 1
#define HAVE_MALLOC 1
#define HAVE_STDLIB_H 1
#define HAVE_REALLOC 1
#define HAVE_BZERO 1
#define HAVE_GETTIMEOFDAY 1
#define HAVE_MEMMOVE 1
#define HAVE_MEMSET 1
#define HAVE_SOCKET 1
#define HAVE_STRCHR 1
#define HAVE_STRCSPN 1
#define HAVE_STRDUP 1
#define HAVE_STRNCASECMP 1
#define HAVE_STRNDUP 1
#define HAVE_STRRCHR 1
#define HAVE_STRSPN 1
#define HAVE_STRNLEN 1
#define HAVE_STAT 1
#define HAVE_CHMOD 1
#define HAVE_CHOWN 1
#define USE_FILE_CACHE 1
#define HAVE_LIBGPGME 1
#define GPG_EXE "/opt/local/bin/gpg"
#define HAVE_LIBPCAP 1
#define FIREWALL_IPFW 1
#define FIREWALL_EXE "/sbin/ipfw"

configure: exit 0
